/home/ubuntu/complete_embedded_ws/embedded_ros_marvin/install/embedded_ros_marvin/lib/python3.10/site-packages/embedded_ros_marvin/pure_pursuit_lookahead.py
/home/ubuntu/complete_embedded_ws/embedded_ros_marvin/install/embedded_ros_marvin/lib/python3.10/site-packages/embedded_ros_marvin/odrive_test.py
/home/ubuntu/complete_embedded_ws/embedded_ros_marvin/install/embedded_ros_marvin/lib/python3.10/site-packages/embedded_ros_marvin/enc_odom_publisher.py
/home/ubuntu/complete_embedded_ws/embedded_ros_marvin/install/embedded_ros_marvin/lib/python3.10/site-packages/embedded_ros_marvin/pure_pursuit_controller.py
/home/ubuntu/complete_embedded_ws/embedded_ros_marvin/install/embedded_ros_marvin/lib/python3.10/site-packages/embedded_ros_marvin/odrive_sub_pub.py
/home/ubuntu/complete_embedded_ws/embedded_ros_marvin/install/embedded_ros_marvin/lib/python3.10/site-packages/embedded_ros_marvin/led_subscriber.py
/home/ubuntu/complete_embedded_ws/embedded_ros_marvin/install/embedded_ros_marvin/lib/python3.10/site-packages/embedded_ros_marvin/__init__.py
/home/ubuntu/complete_embedded_ws/embedded_ros_marvin/install/embedded_ros_marvin/lib/python3.10/site-packages/embedded_ros_marvin/recovery_executable.py
/home/ubuntu/complete_embedded_ws/embedded_ros_marvin/install/embedded_ros_marvin/lib/python3.10/site-packages/embedded_ros_marvin/odrive_two_motors.py
/home/ubuntu/complete_embedded_ws/embedded_ros_marvin/install/embedded_ros_marvin/lib/python3.10/site-packages/embedded_ros_marvin/__pycache__/pure_pursuit_lookahead.cpython-310.pyc
/home/ubuntu/complete_embedded_ws/embedded_ros_marvin/install/embedded_ros_marvin/lib/python3.10/site-packages/embedded_ros_marvin/__pycache__/odrive_test.cpython-310.pyc
/home/ubuntu/complete_embedded_ws/embedded_ros_marvin/install/embedded_ros_marvin/lib/python3.10/site-packages/embedded_ros_marvin/__pycache__/enc_odom_publisher.cpython-310.pyc
/home/ubuntu/complete_embedded_ws/embedded_ros_marvin/install/embedded_ros_marvin/lib/python3.10/site-packages/embedded_ros_marvin/__pycache__/pure_pursuit_controller.cpython-310.pyc
/home/ubuntu/complete_embedded_ws/embedded_ros_marvin/install/embedded_ros_marvin/lib/python3.10/site-packages/embedded_ros_marvin/__pycache__/odrive_sub_pub.cpython-310.pyc
/home/ubuntu/complete_embedded_ws/embedded_ros_marvin/install/embedded_ros_marvin/lib/python3.10/site-packages/embedded_ros_marvin/__pycache__/led_subscriber.cpython-310.pyc
/home/ubuntu/complete_embedded_ws/embedded_ros_marvin/install/embedded_ros_marvin/lib/python3.10/site-packages/embedded_ros_marvin/__pycache__/__init__.cpython-310.pyc
/home/ubuntu/complete_embedded_ws/embedded_ros_marvin/install/embedded_ros_marvin/lib/python3.10/site-packages/embedded_ros_marvin/__pycache__/recovery_executable.cpython-310.pyc
/home/ubuntu/complete_embedded_ws/embedded_ros_marvin/install/embedded_ros_marvin/lib/python3.10/site-packages/embedded_ros_marvin/__pycache__/odrive_two_motors.cpython-310.pyc
/home/ubuntu/complete_embedded_ws/embedded_ros_marvin/install/embedded_ros_marvin/share/ament_index/resource_index/packages/embedded_ros_marvin
/home/ubuntu/complete_embedded_ws/embedded_ros_marvin/install/embedded_ros_marvin/share/embedded_ros_marvin/package.xml
/home/ubuntu/complete_embedded_ws/embedded_ros_marvin/install/embedded_ros_marvin/share/embedded_ros_marvin/launch/launch_embedded.py
/home/ubuntu/complete_embedded_ws/embedded_ros_marvin/install/embedded_ros_marvin/share/embedded_ros_marvin/launch/launch_ekf.py
/home/ubuntu/complete_embedded_ws/embedded_ros_marvin/install/embedded_ros_marvin/share/embedded_ros_marvin/params/arv_ekf.yaml
/home/ubuntu/complete_embedded_ws/embedded_ros_marvin/install/embedded_ros_marvin/lib/python3.10/site-packages/embedded_ros_marvin-0.0.0-py3.10.egg-info/SOURCES.txt
/home/ubuntu/complete_embedded_ws/embedded_ros_marvin/install/embedded_ros_marvin/lib/python3.10/site-packages/embedded_ros_marvin-0.0.0-py3.10.egg-info/requires.txt
/home/ubuntu/complete_embedded_ws/embedded_ros_marvin/install/embedded_ros_marvin/lib/python3.10/site-packages/embedded_ros_marvin-0.0.0-py3.10.egg-info/top_level.txt
/home/ubuntu/complete_embedded_ws/embedded_ros_marvin/install/embedded_ros_marvin/lib/python3.10/site-packages/embedded_ros_marvin-0.0.0-py3.10.egg-info/dependency_links.txt
/home/ubuntu/complete_embedded_ws/embedded_ros_marvin/install/embedded_ros_marvin/lib/python3.10/site-packages/embedded_ros_marvin-0.0.0-py3.10.egg-info/entry_points.txt
/home/ubuntu/complete_embedded_ws/embedded_ros_marvin/install/embedded_ros_marvin/lib/python3.10/site-packages/embedded_ros_marvin-0.0.0-py3.10.egg-info/zip-safe
/home/ubuntu/complete_embedded_ws/embedded_ros_marvin/install/embedded_ros_marvin/lib/python3.10/site-packages/embedded_ros_marvin-0.0.0-py3.10.egg-info/PKG-INFO
/home/ubuntu/complete_embedded_ws/embedded_ros_marvin/install/embedded_ros_marvin/lib/embedded_ros_marvin/LED_subscriber
/home/ubuntu/complete_embedded_ws/embedded_ros_marvin/install/embedded_ros_marvin/lib/embedded_ros_marvin/dual_odrive_controller
/home/ubuntu/complete_embedded_ws/embedded_ros_marvin/install/embedded_ros_marvin/lib/embedded_ros_marvin/enc_odom_publisher
/home/ubuntu/complete_embedded_ws/embedded_ros_marvin/install/embedded_ros_marvin/lib/embedded_ros_marvin/odrive_controller
/home/ubuntu/complete_embedded_ws/embedded_ros_marvin/install/embedded_ros_marvin/lib/embedded_ros_marvin/pure_pursuit_controller
/home/ubuntu/complete_embedded_ws/embedded_ros_marvin/install/embedded_ros_marvin/lib/embedded_ros_marvin/pure_pursuit_lookahead
/home/ubuntu/complete_embedded_ws/embedded_ros_marvin/install/embedded_ros_marvin/lib/embedded_ros_marvin/recovery_executable
