[INFO] [1744765876.439974659] [pure_pursuit_lookahead]: (6.7241190809162505, 1.599995733336747e-05, 0.004)
[INFO] [1744765876.445497692] [pure_pursuit_lookahead]: (6.728118952916933, 4.799961600112641e-05, 0.008)
[INFO] [1744765876.456070212] [pure_pursuit_lookahead]: (6.732118664920389, 9.59984640094208e-05, 0.011999999999999999)
[INFO] [1744765876.468012422] [pure_pursuit_lookahead]: (6.736118152931311, 0.00015999573337770645, 0.016)
[INFO] [1744765876.474044376] [pure_pursuit_lookahead]: (6.740117352957978, 0.00023999040015103878, 0.02)
[INFO] [1744765876.487826990] [pure_pursuit_lookahead]: (6.744116201013273, 0.0003359811844164559, 0.024000000000000004)
[INFO] [1744765876.497335154] [pure_pursuit_lookahead]: (6.748114633115713, 0.0004479665503234575, 0.028)
[INFO] [1744765876.505193837] [pure_pursuit_lookahead]: (6.75211258529047, 0.000575944706108578, 0.03200000000000001)
[INFO] [1744765876.517849313] [pure_pursuit_lookahead]: (6.756109993570393, 0.000719913604124055, 0.036000000000000004)
[INFO] [1744765876.525606901] [pure_pursuit_lookahead]: (6.760106793997037, 0.0008798709408705917, 0.04000000000000001)
[INFO] [1744765876.534863222] [pure_pursuit_lookahead]: (6.76410292262168, 0.0010558141570342124, 0.04400000000000001)
[INFO] [1744765876.549172902] [pure_pursuit_lookahead]: (6.768098315506347, 0.0012477404375272122, 0.04800000000000002)
[INFO] [1744765876.554322688] [pure_pursuit_lookahead]: (6.77209290872484, 0.0014556467115331975, 0.052000000000000025)
[INFO] [1744765876.566277957] [pure_pursuit_lookahead]: (6.7760866383637515, 0.0016795296525562195, 0.05600000000000003)
[INFO] [1744765876.573982966] [pure_pursuit_lookahead]: (6.780079440523492, 0.001919385678473998, 0.06000000000000003)
[INFO] [1744765876.586648861] [pure_pursuit_lookahead]: (6.784071251319313, 0.0021752109515952352, 0.06400000000000004)
[INFO] [1744765876.594190343] [pure_pursuit_lookahead]: (6.788062006882327, 0.002447001378721019, 0.06800000000000003)
[INFO] [1744765876.605950856] [pure_pursuit_lookahead]: (6.792051643360529, 0.0027347526112103133, 0.07200000000000002)
[INFO] [1744765876.614372373] [pure_pursuit_lookahead]: (6.796040096919821, 0.0030384600450495372, 0.07600000000000005)
[INFO] [1744765876.627348238] [pure_pursuit_lookahead]: (6.800027303745032, 0.0033581188209262283, 0.08000000000000004)
[INFO] [1744765876.635014953] [pure_pursuit_lookahead]: (6.804013200040936, 0.0036937238243067915, 0.08400000000000003)
[INFO] [1744765876.645851694] [pure_pursuit_lookahead]: (6.807997722033279, 0.004045269685518333, 0.08800000000000006)
[INFO] [1744765876.659915382] [pure_pursuit_lookahead]: (6.811980805969793, 0.004412750779834573, 0.09200000000000005)
[INFO] [1744765876.663060625] [pure_pursuit_lookahead]: (6.815962388121221, 0.004796161227565841, 0.09600000000000006)
[INFO] [1744765876.677463760] [pure_pursuit_lookahead]: (6.819942404782333, 0.0051954948941531544, 0.10000000000000005)
[INFO] [1744765876.685739395] [pure_pursuit_lookahead]: (6.823920792272948, 0.0056107453902663655, 0.10400000000000006)
[INFO] [1744765876.695123824] [pure_pursuit_lookahead]: (6.82789748693895, 0.0060419060719063954, 0.10800000000000008)
[INFO] [1744765876.704088321] [pure_pursuit_lookahead]: (6.831872425153309, 0.006488970040511536, 0.11200000000000006)
[INFO] [1744765876.713195391] [pure_pursuit_lookahead]: (6.835845543317099, 0.006951930143067828, 0.11600000000000008)
[INFO] [1744765876.725275930] [pure_pursuit_lookahead]: (6.839816777860515, 0.0074307789722235056, 0.12000000000000008)
[INFO] [1744765876.735189852] [pure_pursuit_lookahead]: (6.843786065243887, 0.007925508866407518, 0.12400000000000007)
[INFO] [1744765876.747961681] [pure_pursuit_lookahead]: (6.847753341958703, 0.008436111909952113, 0.12800000000000009)
[INFO] [1744765876.753966580] [pure_pursuit_lookahead]: (6.85171854452862, 0.008962579933219488, 0.1320000000000001)
[INFO] [1744765876.764895139] [pure_pursuit_lookahead]: (6.855681609510482, 0.009504904512732499, 0.1360000000000001)
[INFO] [1744765876.775945692] [pure_pursuit_lookahead]: (6.859642473495333, 0.010063076971309445, 0.1400000000000001)
[INFO] [1744765876.787484143] [pure_pursuit_lookahead]: (6.863601073109433, 0.010637088378202897, 0.14400000000000013)
[INFO] [1744765876.793562098] [pure_pursuit_lookahead]: (6.867557345015274, 0.011226929549242589, 0.1480000000000001)
[INFO] [1744765876.805844277] [pure_pursuit_lookahead]: (6.871511225912589, 0.01183259104698237, 0.15200000000000008)
[INFO] [1744765876.813619779] [pure_pursuit_lookahead]: (6.875462652539369, 0.012454063180851193, 0.1560000000000001)
[INFO] [1744765876.825549540] [pure_pursuit_lookahead]: (6.879411561672871, 0.013091336007308177, 0.16000000000000014)
[INFO] [1744765876.834797816] [pure_pursuit_lookahead]: (6.883357890130634, 0.013744399330001694, 0.16400000000000012)
[INFO] [1744765876.844095253] [pure_pursuit_lookahead]: (6.887301574771487, 0.014413242699932511, 0.16800000000000015)
[INFO] [1744765876.855868475] [pure_pursuit_lookahead]: (6.89124255249656, 0.015097855415620979, 0.17200000000000013)
[INFO] [1744765876.864050567] [pure_pursuit_lookahead]: (6.895180760250292, 0.015798226523278253, 0.17600000000000016)
[INFO] [1744765876.875890875] [pure_pursuit_lookahead]: (6.899116135021444, 0.01651434481698155, 0.1800000000000001)
[INFO] [1744765876.885324258] [pure_pursuit_lookahead]: (6.9030486138441045, 0.01724619883885345, 0.18400000000000014)
[INFO] [1744765876.896259434] [pure_pursuit_lookahead]: (6.906978133798695, 0.017993776879245214, 0.18800000000000017)
[INFO] [1744765876.904100432] [pure_pursuit_lookahead]: (6.91090463201298, 0.018757066976924145, 0.19200000000000014)
[INFO] [1744765876.915151744] [pure_pursuit_lookahead]: (6.914828045663072, 0.019536056919264962, 0.19600000000000015)
[INFO] [1744765876.924676284] [pure_pursuit_lookahead]: (6.918748311974437, 0.02033073424244521, 0.20000000000000018)
[INFO] [1744765876.936255411] [pure_pursuit_lookahead]: (6.922665368222898, 0.021141086231644665, 0.20400000000000015)
[INFO] [1744765876.944705371] [pure_pursuit_lookahead]: (6.926579151735637, 0.021967099921248793, 0.20800000000000013)
[INFO] [1744765876.955599425] [pure_pursuit_lookahead]: (6.930489599892201, 0.022808762095056178, 0.21200000000000016)
[INFO] [1744765876.969435755] [pure_pursuit_lookahead]: (6.934396650125505, 0.023666059286489998, 0.21600000000000016)
[INFO] [1744765876.982394386] [pure_pursuit_lookahead]: (6.938300239922827, 0.024538977778813476, 0.2200000000000002)
[INFO] [1744765876.987048700] [pure_pursuit_lookahead]: (6.942200306826815, 0.025427503605349358, 0.2240000000000002)
[INFO] [1744765876.995071838] [pure_pursuit_lookahead]: (6.94609678843648, 0.026331622549703376, 0.22800000000000017)
[INFO] [1744765877.005926082] [pure_pursuit_lookahead]: (6.949989622408201, 0.027251320145991707, 0.2320000000000002)
[INFO] [1744765877.014705531] [pure_pursuit_lookahead]: (6.953878746456716, 0.028186581679072432, 0.2360000000000002)
[INFO] [1744765877.023184510] [pure_pursuit_lookahead]: (6.957764098356124, 0.029137392184780973, 0.24000000000000016)
[INFO] [1744765877.034970942] [pure_pursuit_lookahead]: (6.961645615940878, 0.030103736450169522, 0.24400000000000016)
[INFO] [1744765877.046062112] [pure_pursuit_lookahead]: (6.965523237106778, 0.031085599013750447, 0.24800000000000022)
[INFO] [1744765877.054150778] [pure_pursuit_lookahead]: (6.9693968998119695, 0.03208296416574368, 0.25200000000000017)
[INFO] [1744765877.068338634] [pure_pursuit_lookahead]: (6.973266542077931, 0.03309581594832806, 0.2560000000000002)
[INFO] [1744765877.074205899] [pure_pursuit_lookahead]: (6.977132101990469, 0.03412413815589668, 0.26000000000000023)
[INFO] [1744765877.087295646] [pure_pursuit_lookahead]: (6.980993517700707, 0.03516791433531616, 0.2640000000000001)
[INFO] [1744765877.095071869] [pure_pursuit_lookahead]: (6.9848507274260765, 0.03622712778618988, 0.2680000000000002)
[INFO] [1744765877.108888127] [pure_pursuit_lookahead]: (6.988703669451304, 0.03730176156112524, 0.27200000000000024)
[INFO] [1744765877.114812994] [pure_pursuit_lookahead]: (6.992552282129401, 0.03839179846600476, 0.27600000000000025)
[INFO] [1744765877.127471691] [pure_pursuit_lookahead]: (6.996396503882644, 0.03949722106026122, 0.28000000000000025)
[INFO] [1744765877.138004221] [pure_pursuit_lookahead]: (7.000236273203568, 0.040618011657156686, 0.2840000000000002)
[INFO] [1744765877.143706615] [pure_pursuit_lookahead]: (7.004071528655946, 0.04175415232406552, 0.28800000000000014)
[INFO] [1744765877.156125992] [pure_pursuit_lookahead]: (7.007902208875773, 0.04290562488276129, 0.2920000000000002)
[INFO] [1744765877.165154259] [pure_pursuit_lookahead]: (7.011728252572246, 0.04407241090970763, 0.2960000000000002)
[INFO] [1744765877.175099394] [pure_pursuit_lookahead]: (7.015549598528749, 0.045254491736352986, 0.30000000000000027)
[INFO] [1744765877.184835341] [pure_pursuit_lookahead]: (7.019366185603827, 0.04645184844942936, 0.30400000000000016)
[INFO] [1744765877.196943108] [pure_pursuit_lookahead]: (7.023177952732168, 0.04766446189125488, 0.3080000000000002)
[INFO] [1744765877.204160846] [pure_pursuit_lookahead]: (7.02698483892558, 0.04889231266004035, 0.3120000000000002)
[INFO] [1744765877.241902675] [pure_pursuit_lookahead]: (7.030786783273966, 0.05013538111019966, 0.31600000000000017)
[INFO] [1744765877.299832756] [pure_pursuit_lookahead]: (7.0345837249462955, 0.051393647352664135, 0.32000000000000023)
[INFO] [1744765877.302788672] [pure_pursuit_lookahead]: (7.038375603191584, 0.05266709125520073, 0.3240000000000003)
[INFO] [1744765877.311157224] [pure_pursuit_lookahead]: (7.04216235733986, 0.05395569244273417, 0.32800000000000024)
[INFO] [1744765877.389658916] [pure_pursuit_lookahead]: (7.0459439268031385, 0.05525943029767295, 0.3320000000000003)
[INFO] [1744765877.392520856] [pure_pursuit_lookahead]: (7.0610171489703015, 0.06062532757016475, 0.34800000000000025)
[INFO] [1744765877.418661056] [pure_pursuit_lookahead]: (7.064771889126081, 0.0620044310334978, 0.3520000000000002)
[INFO] [1744765877.420442555] [pure_pursuit_lookahead]: (7.072264670139548, 0.0648076393176908, 0.3600000000000003)
[INFO] [1744765877.519843425] [pure_pursuit_lookahead]: (7.076002591112899, 0.06623169928727801, 0.36400000000000027)
[INFO] [1744765877.522573768] [pure_pursuit_lookahead]: (7.109379057988266, 0.07971773742969619, 0.40000000000000024)
[INFO] [1744765877.541263943] [pure_pursuit_lookahead]: (7.116728706640304, 0.08287723243553884, 0.4080000000000003)
[INFO] [1744765877.640018418] [pure_pursuit_lookahead]: (7.120393993722108, 0.0844790035202942, 0.4120000000000003)
[INFO] [1744765877.642027024] [pure_pursuit_lookahead]: (7.153084937004594, 0.09955096401528588, 0.4480000000000003)
[INFO] [1744765877.647864097] [pure_pursuit_lookahead]: (7.156683238488477, 0.10129802624402412, 0.45200000000000035)
[INFO] [1744765877.652297741] [pure_pursuit_lookahead]: (7.160274522955707, 0.10305946766383685, 0.45600000000000035)
[INFO] [1744765877.654394052] [pure_pursuit_lookahead]: (7.163858732945809, 0.10483526009169893, 0.46000000000000035)
[INFO] [1744765877.655836584] [pure_pursuit_lookahead]: (7.1674358111115, 0.10662537511496939, 0.46400000000000036)
[INFO] [1744765877.657523555] [pure_pursuit_lookahead]: (7.171005700219605, 0.10842978409184606, 0.46800000000000036)
[INFO] [1744765877.658676983] [pure_pursuit_lookahead]: (7.174568343151975, 0.1102484581518238, 0.4720000000000003)
[INFO] [1744765877.660817898] [pure_pursuit_lookahead]: (7.178123682906398, 0.11208136819615644, 0.47600000000000037)
[INFO] [1744765877.662400252] [pure_pursuit_lookahead]: (7.181671662597515, 0.11392848489832237, 0.4800000000000004)
[INFO] [1744765877.666923115] [pure_pursuit_lookahead]: (7.185212225457726, 0.11578977870449376, 0.4840000000000004)
[INFO] [1744765877.668085981] [pure_pursuit_lookahead]: (7.188745314838101, 0.11766521983400945, 0.4880000000000004)
[INFO] [1744765877.672397696] [pure_pursuit_lookahead]: (7.192270874209286, 0.11955477827985134, 0.4920000000000004)
[INFO] [1744765877.679619502] [pure_pursuit_lookahead]: (7.195788847162405, 0.12145842380912461, 0.4960000000000004)
[INFO] [1744765877.681381495] [pure_pursuit_lookahead]: (7.199299177409967, 0.12337612596354143, 0.5000000000000003)
[INFO] [1744765877.684690625] [pure_pursuit_lookahead]: (7.202801808786761, 0.1253078540599082, 0.5040000000000003)
[INFO] [1744765877.696400047] [pure_pursuit_lookahead]: (7.206296685250762, 0.12725357719061664, 0.5080000000000003)
[INFO] [1744765877.703781328] [pure_pursuit_lookahead]: (7.20978375088402, 0.12921326422413812, 0.5120000000000005)
[INFO] [1744765877.713817995] [pure_pursuit_lookahead]: (7.213262949893559, 0.13118688380552193, 0.5160000000000005)
[INFO] [1744765877.725859247] [pure_pursuit_lookahead]: (7.216734226612269, 0.13317440435689687, 0.5200000000000004)
[INFO] [1744765877.736619895] [pure_pursuit_lookahead]: (7.220197525499798, 0.13517579407797653, 0.5240000000000004)
[INFO] [1744765877.745529614] [pure_pursuit_lookahead]: (7.2236527911434365, 0.13719102094656804, 0.5280000000000004)
[INFO] [1744765877.756763532] [pure_pursuit_lookahead]: (7.227099968259008, 0.13922005271908452, 0.5320000000000005)
[INFO] [1744765877.765965090] [pure_pursuit_lookahead]: (7.230539001691752, 0.14126285693106092, 0.5360000000000004)
[INFO] [1744765877.775179622] [pure_pursuit_lookahead]: (7.233969836417208, 0.14331940089767337, 0.5400000000000004)
[INFO] [1744765877.783793900] [pure_pursuit_lookahead]: (7.237392417542091, 0.1453896517142623, 0.5440000000000004)
[INFO] [1744765877.795449311] [pure_pursuit_lookahead]: (7.240806690305179, 0.1474735762568588, 0.5480000000000005)
[INFO] [1744765877.807126768] [pure_pursuit_lookahead]: (7.244212600078179, 0.1495711411827147, 0.5520000000000004)
[INFO] [1744765877.815564770] [pure_pursuit_lookahead]: (7.2476100923666085, 0.15168231293083587, 0.5560000000000005)
[INFO] [1744765877.825279954] [pure_pursuit_lookahead]: (7.250999112810662, 0.1538070577225194, 0.5600000000000004)
[INFO] [1744765877.834750317] [pure_pursuit_lookahead]: (7.2543796071860855, 0.15594534156189396, 0.5640000000000005)
[INFO] [1744765877.844493042] [pure_pursuit_lookahead]: (7.257751521405041, 0.15809713023646374, 0.5680000000000004)
[INFO] [1744765877.855066769] [pure_pursuit_lookahead]: (7.261114801516973, 0.16026238931765582, 0.5720000000000004)
[INFO] [1744765877.865557259] [pure_pursuit_lookahead]: (7.26446939370947, 0.16244108416137112, 0.5760000000000004)
[INFO] [1744765877.874159430] [pure_pursuit_lookahead]: (7.267815244309131, 0.16463317990853862, 0.5800000000000004)
[INFO] [1744765877.887019380] [pure_pursuit_lookahead]: (7.2711522997824165, 0.16683864148567312, 0.5840000000000004)
[INFO] [1744765877.896001540] [pure_pursuit_lookahead]: (7.27448050673651, 0.16905743360543643, 0.5880000000000003)
[INFO] [1744765877.904163153] [pure_pursuit_lookahead]: (7.277799811920172, 0.171289520767202, 0.5920000000000004)
[INFO] [1744765877.917425184] [pure_pursuit_lookahead]: (7.281110162224589, 0.17353486725762282, 0.5960000000000004)
[INFO] [1744765877.926643082] [pure_pursuit_lookahead]: (7.284411504684228, 0.17579343715120296, 0.6000000000000004)
[INFO] [1744765877.935566276] [pure_pursuit_lookahead]: (7.28770378647768, 0.1780651943108723, 0.6040000000000004)
[INFO] [1744765877.945245632] [pure_pursuit_lookahead]: (7.290986954928505, 0.18035010238856478, 0.6080000000000004)
[INFO] [1744765877.957278552] [pure_pursuit_lookahead]: (7.29426095750608, 0.18264812482579987, 0.6120000000000005)
[INFO] [1744765877.963928894] [pure_pursuit_lookahead]: (7.2975257418264325, 0.1849592248542676, 0.6160000000000005)
[INFO] [1744765877.977156184] [pure_pursuit_lookahead]: (7.3007812556530824, 0.18728336549641683, 0.6200000000000004)
[INFO] [1744765877.987815698] [pure_pursuit_lookahead]: (7.304027446897879, 0.18962050956604684, 0.6240000000000004)
[INFO] [1744765877.994332198] [pure_pursuit_lookahead]: (7.307264263621831, 0.19197061966890241, 0.6280000000000004)
[INFO] [1744765878.007915863] [pure_pursuit_lookahead]: (7.31049165403594, 0.19433365820327203, 0.6320000000000006)
[INFO] [1744765878.013750171] [pure_pursuit_lookahead]: (7.313709566502029, 0.19670958736058952, 0.6360000000000006)
[INFO] [1744765878.027036738] [pure_pursuit_lookahead]: (7.316917949533566, 0.1990983691260391, 0.6400000000000005)
[INFO] [1744765878.034263668] [pure_pursuit_lookahead]: (7.320116751796491, 0.20149996527916345, 0.6440000000000003)
[INFO] [1744765878.045846518] [pure_pursuit_lookahead]: (7.323305922110038, 0.20391433739447537, 0.6480000000000005)
[INFO] [1744765878.056268299] [pure_pursuit_lookahead]: (7.326485409447548, 0.2063414468420725, 0.6520000000000005)
[INFO] [1744765878.066502338] [pure_pursuit_lookahead]: (7.329655162937292, 0.2087812547882555, 0.6560000000000006)
[INFO] [1744765878.076051208] [pure_pursuit_lookahead]: (7.332815131863281, 0.21123372219614922, 0.6600000000000005)
[INFO] [1744765878.085403126] [pure_pursuit_lookahead]: (7.335965265666081, 0.2136988098263275, 0.6640000000000006)
[INFO] [1744765878.096625004] [pure_pursuit_lookahead]: (7.339105513943617, 0.21617647823744082, 0.6680000000000005)
[INFO] [1744765878.105406542] [pure_pursuit_lookahead]: (7.342235826451986, 0.21866668778684747, 0.6720000000000004)
[INFO] [1744765878.115830087] [pure_pursuit_lookahead]: (7.345356153106251, 0.2211693986312478, 0.6760000000000004)
[INFO] [1744765878.125895720] [pure_pursuit_lookahead]: (7.348466443981255, 0.22368457072732167, 0.6800000000000005)
[INFO] [1744765878.138954333] [pure_pursuit_lookahead]: (7.351566649312408, 0.22621216383236922, 0.6840000000000005)
[INFO] [1744765878.143561539] [pure_pursuit_lookahead]: (7.354656719496494, 0.22875213750495468, 0.6880000000000004)
[INFO] [1744765878.156257676] [pure_pursuit_lookahead]: (7.3577366050924535, 0.23130445110555345, 0.6920000000000005)
[INFO] [1744765878.165040050] [pure_pursuit_lookahead]: (7.360806256822183, 0.2338690637972024, 0.6960000000000005)
[INFO] [1744765878.178180027] [pure_pursuit_lookahead]: (7.3638656255713215, 0.23644593454615317, 0.7000000000000004)
[INFO] [1744765878.187168103] [pure_pursuit_lookahead]: (7.366914662390033, 0.23903502212252875, 0.7040000000000006)
[INFO] [1744765878.195077527] [pure_pursuit_lookahead]: (7.369953318493794, 0.24163628510098314, 0.7080000000000006)
[INFO] [1744765878.204438369] [pure_pursuit_lookahead]: (7.372981545264171, 0.2442496818613642, 0.7120000000000004)
[INFO] [1744765878.215655015] [pure_pursuit_lookahead]: (7.375999294249601, 0.2468751705893795, 0.7160000000000005)
[INFO] [1744765878.228051032] [pure_pursuit_lookahead]: (7.3790065171661645, 0.24951270927726538, 0.7200000000000004)
[INFO] [1744765878.235401105] [pure_pursuit_lookahead]: (7.382003165898359, 0.25216225572445916, 0.7240000000000005)
[INFO] [1744765878.244244133] [pure_pursuit_lookahead]: (7.3849891924998685, 0.2548237675382742, 0.7280000000000006)
[INFO] [1744765878.254902131] [pure_pursuit_lookahead]: (7.387964549194331, 0.25749720213457816, 0.7320000000000005)
[INFO] [1744765878.265167391] [pure_pursuit_lookahead]: (7.390929188376104, 0.26018251673847465, 0.7360000000000005)
[INFO] [1744765878.276042154] [pure_pursuit_lookahead]: (7.393883062611022, 0.2628796683849872, 0.7400000000000005)
[INFO] [1744765878.287805518] [pure_pursuit_lookahead]: (7.396826124637162, 0.2655886139197471, 0.7440000000000005)
[INFO] [1744765878.294754752] [pure_pursuit_lookahead]: (7.399758327365593, 0.2683093099996835, 0.7480000000000006)
[INFO] [1744765878.305677034] [pure_pursuit_lookahead]: (7.402679623881134, 0.2710417130937172, 0.7520000000000007)
[INFO] [1744765878.315487767] [pure_pursuit_lookahead]: (7.405589967443104, 0.27378577948345706, 0.7560000000000006)
[INFO] [1744765878.326129768] [pure_pursuit_lookahead]: (7.4084893114860675, 0.2765414652638993, 0.7600000000000007)
[INFO] [1744765878.336243530] [pure_pursuit_lookahead]: (7.4113776096205815, 0.2793087263441302, 0.7640000000000006)
[INFO] [1744765878.344976507] [pure_pursuit_lookahead]: (7.414254815633938, 0.28208751844803154, 0.7680000000000006)
[INFO] [1744765878.355836332] [pure_pursuit_lookahead]: (7.4171208834909015, 0.28487779711498895, 0.7720000000000005)
[INFO] [1744765878.364945095] [pure_pursuit_lookahead]: (7.419975767334448, 0.2876795177006033, 0.7760000000000006)
[INFO] [1744765878.379154057] [pure_pursuit_lookahead]: (7.422819421486498, 0.29049263537740494, 0.7800000000000006)
[INFO] [1744765878.383218242] [pure_pursuit_lookahead]: (7.425651800448644, 0.2933171051355711, 0.7840000000000006)
[INFO] [1744765878.396769822] [pure_pursuit_lookahead]: (7.428472858902882, 0.29615288178364585, 0.7880000000000006)
[INFO] [1744765878.412487224] [pure_pursuit_lookahead]: (7.43128255171234, 0.2989999199492634, 0.7920000000000006)
[INFO] [1744765878.420536881] [pure_pursuit_lookahead]: (7.434080833921991, 0.30185817407987375, 0.7960000000000005)
[INFO] [1744765878.429102318] [pure_pursuit_lookahead]: (7.436867660759379, 0.30472759844347186, 0.8000000000000005)
[INFO] [1744765878.433244635] [pure_pursuit_lookahead]: (7.439642987635335, 0.3076081471293291, 0.8040000000000007)
[INFO] [1744765878.444065897] [pure_pursuit_lookahead]: (7.4424067701446885, 0.3104997740487279, 0.8080000000000005)
[INFO] [1744765878.457981236] [pure_pursuit_lookahead]: (7.4451589640669775, 0.3134024329356993, 0.8120000000000005)
[INFO] [1744765878.464432388] [pure_pursuit_lookahead]: (7.447899525367158, 0.316316077347763, 0.8160000000000006)
[INFO] [1744765878.478083491] [pure_pursuit_lookahead]: (7.450628410196309, 0.3192406606666706, 0.8200000000000006)
[INFO] [1744765878.485331461] [pure_pursuit_lookahead]: (7.45334557489233, 0.32217613609915136, 0.8240000000000006)
[INFO] [1744765878.496386132] [pure_pursuit_lookahead]: (7.456050975980644, 0.325122456677661, 0.8280000000000005)
[INFO] [1744765878.508064105] [pure_pursuit_lookahead]: (7.458744570174892, 0.32807957526113307, 0.8320000000000006)
[INFO] [1744765878.513878786] [pure_pursuit_lookahead]: (7.461426314377623, 0.33104744453573337, 0.8360000000000006)
[INFO] [1744765878.525410479] [pure_pursuit_lookahead]: (7.4640961656809885, 0.3340260170156168, 0.8400000000000007)
[INFO] [1744765878.535229648] [pure_pursuit_lookahead]: (7.466754081367424, 0.33701524504368724, 0.8440000000000006)
[INFO] [1744765878.545489069] [pure_pursuit_lookahead]: (7.469400018910335, 0.34001508079236, 0.8480000000000006)
[INFO] [1744765878.557106614] [pure_pursuit_lookahead]: (7.472033935974777, 0.3430254762643271, 0.8520000000000006)
[INFO] [1744765878.563249827] [pure_pursuit_lookahead]: (7.474655790418134, 0.3460463832933252, 0.8560000000000006)
[INFO] [1744765878.580128367] [pure_pursuit_lookahead]: (7.47726554029079, 0.34907775354490633, 0.8600000000000007)
[INFO] [1744765878.584574845] [pure_pursuit_lookahead]: (7.479863143836803, 0.35211953851721106, 0.8640000000000007)
[INFO] [1744765878.596517471] [pure_pursuit_lookahead]: (7.482448559494572, 0.3551716895417448, 0.8680000000000007)
[INFO] [1744765878.606035789] [pure_pursuit_lookahead]: (7.485021745897502, 0.3582341577841562, 0.8720000000000007)
[INFO] [1744765878.614761883] [pure_pursuit_lookahead]: (7.487582661874664, 0.3613068942450187, 0.8760000000000007)
[INFO] [1744765878.625353158] [pure_pursuit_lookahead]: (7.490131266451458, 0.3643898497606146, 0.8800000000000007)
[INFO] [1744765878.635440952] [pure_pursuit_lookahead]: (7.492667518850266, 0.36748297500372135, 0.8840000000000008)
[INFO] [1744765878.647055240] [pure_pursuit_lookahead]: (7.495191378491102, 0.370586220484401, 0.8880000000000008)
[INFO] [1744765878.653864390] [pure_pursuit_lookahead]: (7.497702804992266, 0.3736995365507921, 0.8920000000000007)
[INFO] [1744765878.663029950] [pure_pursuit_lookahead]: (7.500201758170989, 0.376822873389904, 0.8960000000000007)
[INFO] [1744765878.675971639] [pure_pursuit_lookahead]: (7.502688198044072, 0.37995618102841394, 0.9000000000000007)
[INFO] [1744765878.685139789] [pure_pursuit_lookahead]: (7.50516208482853, 0.38309940933346653, 0.9040000000000007)
[INFO] [1744765878.696984225] [pure_pursuit_lookahead]: (7.507623378942228, 0.38625250801347594, 0.9080000000000008)
[INFO] [1744765878.704251050] [pure_pursuit_lookahead]: (7.510072041004513, 0.3894154266189305, 0.9120000000000007)
[INFO] [1744765878.715850115] [pure_pursuit_lookahead]: (7.512508031836842, 0.3925881145432001, 0.9160000000000007)
[INFO] [1744765878.725511327] [pure_pursuit_lookahead]: (7.514931312463416, 0.39577052102334553, 0.9200000000000007)
[INFO] [1744765878.733247500] [pure_pursuit_lookahead]: (7.517341844111796, 0.3989625951409311, 0.9240000000000007)
[INFO] [1744765878.747085962] [pure_pursuit_lookahead]: (7.519739588213526, 0.4021642858228389, 0.9280000000000008)
[INFO] [1744765878.753665874] [pure_pursuit_lookahead]: (7.5221245064047535, 0.4053755418420865, 0.9320000000000007)
[INFO] [1744765878.765289119] [pure_pursuit_lookahead]: (7.524496560526837, 0.408596311818646, 0.9360000000000007)
[INFO] [1744765878.774055298] [pure_pursuit_lookahead]: (7.526855712626961, 0.41182654422026643, 0.9400000000000007)
[INFO] [1744765878.786004877] [pure_pursuit_lookahead]: (7.529201924958743, 0.41506618736329837, 0.9440000000000008)
[INFO] [1744765878.795405078] [pure_pursuit_lookahead]: (7.531535159982836, 0.4183151894135206, 0.9480000000000007)
[INFO] [1744765878.804705762] [pure_pursuit_lookahead]: (7.533855380367528, 0.4215734983869696, 0.9520000000000008)
[INFO] [1744765878.818882457] [pure_pursuit_lookahead]: (7.536162548989343, 0.4248410621507714, 0.9560000000000007)
[INFO] [1744765878.841698768] [pure_pursuit_lookahead]: (7.538456628933632, 0.4281178284239754, 0.9600000000000007)
[INFO] [1744765878.844749353] [pure_pursuit_lookahead]: (7.540737583495166, 0.43140374477839116, 0.9640000000000007)
[INFO] [1744765878.852056525] [pure_pursuit_lookahead]: (7.54300537617872, 0.4346987586394271, 0.9680000000000006)
[INFO] [1744765878.858758463] [pure_pursuit_lookahead]: (7.54525997069966, 0.43800281728693174, 0.9720000000000008)
[INFO] [1744765878.865861226] [pure_pursuit_lookahead]: (7.54750133098452, 0.4413158678560372, 0.9760000000000008)
[INFO] [1744765878.876529435] [pure_pursuit_lookahead]: (7.549729421171585, 0.4446378573380051, 0.9800000000000008)
[INFO] [1744765878.884526103] [pure_pursuit_lookahead]: (7.551944205611458, 0.44796873258107456, 0.9840000000000007)
[INFO] [1744765878.894936994] [pure_pursuit_lookahead]: (7.554145648867637, 0.45130844029131273, 0.9880000000000008)
[INFO] [1744765878.907012575] [pure_pursuit_lookahead]: (7.556333715717076, 0.4546569270334675, 0.9920000000000008)
[INFO] [1744765878.917450897] [pure_pursuit_lookahead]: (7.558508371150753, 0.45801413923182244, 0.9960000000000008)
[INFO] [1744765878.924736223] [pure_pursuit_lookahead]: (7.560669580374225, 0.46138002317105403, 1.0000000000000007)
[INFO] [1744765878.935309995] [pure_pursuit_lookahead]: (7.562817308808192, 0.464754524997091, 1.0040000000000007)
[INFO] [1744765878.946034436] [pure_pursuit_lookahead]: (7.5649515220890455, 0.46813759071797617, 1.0080000000000007)
[INFO] [1744765878.954270518] [pure_pursuit_lookahead]: (7.567072186069418, 0.4715291662047301, 1.0120000000000007)
[INFO] [1744765878.967298454] [pure_pursuit_lookahead]: (7.569179266818732, 0.4749291971922175, 1.0160000000000007)
[INFO] [1744765878.976413018] [pure_pursuit_lookahead]: (7.571272730623738, 0.47833762928001494, 1.020000000000001)
[INFO] [1744765878.986184117] [pure_pursuit_lookahead]: (7.573352543989062, 0.48175440793328184, 1.0240000000000007)
[INFO] [1744765878.995887833] [pure_pursuit_lookahead]: (7.575418673637733, 0.4851794784836326, 1.028000000000001)
[INFO] [1744765879.005100697] [pure_pursuit_lookahead]: (7.577471086511722, 0.4886127861300114, 1.0320000000000007)
[INFO] [1744765879.016998544] [pure_pursuit_lookahead]: (7.579509749772467, 0.4920542759395693, 1.036000000000001)
[INFO] [1744765879.025434142] [pure_pursuit_lookahead]: (7.581534630801398, 0.4955038928485426, 1.0400000000000007)
[INFO] [1744765879.037140909] [pure_pursuit_lookahead]: (7.583545697200463, 0.49896158166313453, 1.0440000000000007)
[INFO] [1744765879.043864168] [pure_pursuit_lookahead]: (7.585542916792641, 0.5024272870603977, 1.0480000000000007)
[INFO] [1744765879.056870343] [pure_pursuit_lookahead]: (7.5875262576224625, 0.5059009535891198, 1.0520000000000007)
[INFO] [1744765879.063442367] [pure_pursuit_lookahead]: (7.589495687956516, 0.5093825256707103, 1.0560000000000007)
[INFO] [1744765879.074560433] [pure_pursuit_lookahead]: (7.591451176283958, 0.5128719476000902, 1.0600000000000007)
[INFO] [1744765879.090225598] [pure_pursuit_lookahead]: (7.5933926913170176, 0.5163691635465832, 1.0640000000000007)
[INFO] [1744765879.137001994] [pure_pursuit_lookahead]: (7.595320201991495, 0.5198741175548087, 1.0680000000000007)
[INFO] [1744765879.147841562] [pure_pursuit_lookahead]: (7.59723367746726, 0.5233867535455773, 1.0720000000000007)
[INFO] [1744765879.184280593] [pure_pursuit_lookahead]: (7.599133087128748, 0.5269070153167881, 1.0760000000000007)
[INFO] [1744765879.189293496] [pure_pursuit_lookahead]: (7.601018400585443, 0.5304348465443278, 1.0800000000000007)
[INFO] [1744765879.199080755] [pure_pursuit_lookahead]: (7.6028895876723706, 0.5339701907829723, 1.0840000000000007)
[INFO] [1744765879.330824446] [pure_pursuit_lookahead]: (7.6047466184505765, 0.5375129914672888, 1.0880000000000007)
[INFO] [1744765879.334821300] [pure_pursuit_lookahead]: (7.620818034125637, 0.5697243460501172, 1.1240000000000008)
[INFO] [1744765879.349358528] [pure_pursuit_lookahead]: (7.624231305762524, 0.5769596290945577, 1.1320000000000008)
[INFO] [1744765879.350436685] [pure_pursuit_lookahead]: (7.62591620851252, 0.5805874525085422, 1.1360000000000008)
[INFO] [1744765879.355928819] [pure_pursuit_lookahead]: (7.627586586528354, 0.5842219864930057, 1.1400000000000008)
[INFO] [1744765879.357280009] [pure_pursuit_lookahead]: (7.629242413084011, 0.5878631728954822, 1.1440000000000008)
[INFO] [1744765879.359812881] [pure_pursuit_lookahead]: (7.630883661686303, 0.5915109534570667, 1.1480000000000008)
[INFO] [1744765879.361094620] [pure_pursuit_lookahead]: (7.632510306075287, 0.5951652698133482, 1.1520000000000008)
[INFO] [1744765879.363097295] [pure_pursuit_lookahead]: (7.634122320224687, 0.5988260634953428, 1.1560000000000008)
[INFO] [1744765879.366238410] [pure_pursuit_lookahead]: (7.635719678342312, 0.6024932759304299, 1.1600000000000008)
[INFO] [1744765879.367714094] [pure_pursuit_lookahead]: (7.6373023548704655, 0.6061668484432886, 1.1640000000000008)
[INFO] [1744765879.369727810] [pure_pursuit_lookahead]: (7.638870324486358, 0.6098467222568371, 1.1680000000000008)
[INFO] [1744765879.371443986] [pure_pursuit_lookahead]: (7.640423562102507, 0.613532838493173, 1.1720000000000008)
[INFO] [1744765879.373869215] [pure_pursuit_lookahead]: (7.641962042867145, 0.617225138174515, 1.1760000000000008)
[INFO] [1744765879.374661204] [pure_pursuit_lookahead]: (7.6434857421646125, 0.620923562224147, 1.1800000000000008)
[INFO] [1744765879.385864865] [pure_pursuit_lookahead]: (7.644994635615753, 0.6246280514673632, 1.1840000000000008)
[INFO] [1744765879.395563427] [pure_pursuit_lookahead]: (7.646488699078304, 0.6283385466324147, 1.1880000000000008)
[INFO] [1744765879.404330037] [pure_pursuit_lookahead]: (7.647967908647281, 0.632054988351458, 1.1920000000000008)
[INFO] [1744765879.414422354] [pure_pursuit_lookahead]: (7.649432240655364, 0.6357773171615049, 1.1960000000000008)
[INFO] [1744765879.424537642] [pure_pursuit_lookahead]: (7.650881671673271, 0.6395054735053738, 1.2000000000000008)
[INFO] [1744765879.434883453] [pure_pursuit_lookahead]: (7.652316178510136, 0.6432393977326427, 1.2040000000000008)
[INFO] [1744765879.445445038] [pure_pursuit_lookahead]: (7.653735738213882, 0.6469790301006038, 1.2080000000000009)
[INFO] [1744765879.455919418] [pure_pursuit_lookahead]: (7.655140328071583, 0.6507243107752188, 1.2120000000000009)
[INFO] [1744765879.465368912] [pure_pursuit_lookahead]: (7.6565299256098305, 0.6544751798320768, 1.2160000000000009)
[INFO] [1744765879.476087371] [pure_pursuit_lookahead]: (7.657904508595094, 0.658231577257353, 1.2200000000000009)
[INFO] [1744765879.488258236] [pure_pursuit_lookahead]: (7.659264055034076, 0.6619934429487688, 1.2240000000000009)
[INFO] [1744765879.496561755] [pure_pursuit_lookahead]: (7.660608543174062, 0.6657607167165533, 1.2280000000000009)
[INFO] [1744765879.503858328] [pure_pursuit_lookahead]: (7.66193795150327, 0.6695333382844066, 1.2320000000000009)
[INFO] [1744765879.520673478] [pure_pursuit_lookahead]: (7.6632522587511955, 0.6733112472904641, 1.2360000000000009)
[INFO] [1744765879.528103234] [pure_pursuit_lookahead]: (7.664551443888951, 0.6770943832882622, 1.2400000000000009)
[INFO] [1744765879.536990832] [pure_pursuit_lookahead]: (7.665835486129601, 0.6808826857477058, 1.2440000000000009)
[INFO] [1744765879.546783656] [pure_pursuit_lookahead]: (7.667104364928497, 0.6846760940560364, 1.248000000000001)
[INFO] [1744765879.556067594] [pure_pursuit_lookahead]: (7.668358059983607, 0.6884745475188018, 1.2520000000000007)
[INFO] [1744765879.568447827] [pure_pursuit_lookahead]: (7.669596551235835, 0.6922779853608276, 1.256000000000001)
[INFO] [1744765879.579156863] [pure_pursuit_lookahead]: (7.670819818869348, 0.6960863467271897, 1.2600000000000007)
[INFO] [1744765879.586926504] [pure_pursuit_lookahead]: (7.6720278433118905, 0.6998995706841874, 1.264000000000001)
[INFO] [1744765879.598372522] [pure_pursuit_lookahead]: (7.673220605235096, 0.7037175962203186, 1.268000000000001)
[INFO] [1744765879.609771610] [pure_pursuit_lookahead]: (7.674398085554801, 0.7075403622472564, 1.272000000000001)
[INFO] [1744765879.614899655] [pure_pursuit_lookahead]: (7.6755602654313435, 0.7113678076008256, 1.276000000000001)
[INFO] [1744765879.626874962] [pure_pursuit_lookahead]: (7.676707126269871, 0.7151998710419826, 1.280000000000001)
[INFO] [1744765879.637753037] [pure_pursuit_lookahead]: (7.677838649720635, 0.7190364912577938, 1.284000000000001)
[INFO] [1744765879.643258646] [pure_pursuit_lookahead]: (7.678954817679284, 0.7228776068624176, 1.288000000000001)
[INFO] [1744765879.654794668] [pure_pursuit_lookahead]: (7.6800556122871555, 0.7267231563980865, 1.292000000000001)
[INFO] [1744765879.666827838] [pure_pursuit_lookahead]: (7.681141015931558, 0.7305730783360898, 1.2960000000000007)
[INFO] [1744765879.679551678] [pure_pursuit_lookahead]: (7.682211011246056, 0.7344273110777585, 1.300000000000001)
[INFO] [1744765879.686703071] [pure_pursuit_lookahead]: (7.683265581110748, 0.7382857929554512, 1.304000000000001)
[INFO] [1744765879.698290164] [pure_pursuit_lookahead]: (7.684304708652539, 0.74214846223354, 1.308000000000001)
[INFO] [1744765879.705119782] [pure_pursuit_lookahead]: (7.68532837724541, 0.746015257109399, 1.312000000000001)
[INFO] [1744765879.721413803] [pure_pursuit_lookahead]: (7.686336570510686, 0.7498861157143926, 1.316000000000001)
[INFO] [1744765879.736109058] [pure_pursuit_lookahead]: (7.687329272317295, 0.7537609761148656, 1.320000000000001)
[INFO] [1744765879.739929620] [pure_pursuit_lookahead]: (7.688306466782031, 0.7576397763131344, 1.324000000000001)
[INFO] [1744765879.747150344] [pure_pursuit_lookahead]: (7.689268138269802, 0.7615224542484785, 1.3280000000000012)
[INFO] [1744765879.762448964] [pure_pursuit_lookahead]: (7.690214271393885, 0.7654089477981338, 1.332000000000001)
[INFO] [1744765879.767001301] [pure_pursuit_lookahead]: (7.691144851016171, 0.7692991947782865, 1.336000000000001)
[INFO] [1744765879.775863822] [pure_pursuit_lookahead]: (7.692059862247405, 0.7731931329450678, 1.340000000000001)
[INFO] [1744765879.794317643] [pure_pursuit_lookahead]: (7.692959290447426, 0.77709069999555, 1.3440000000000007)
[INFO] [1744765879.796330156] [pure_pursuit_lookahead]: (7.693843121225404, 0.7809918335687437, 1.348000000000001)
[INFO] [1744765879.816466520] [pure_pursuit_lookahead]: (7.694711340440064, 0.7848964712465948, 1.352000000000001)
[INFO] [1744765879.819675502] [pure_pursuit_lookahead]: (7.695563934199918, 0.7888045505549838, 1.356000000000001)
[INFO] [1744765879.827008056] [pure_pursuit_lookahead]: (7.696400888863484, 0.792716008964725, 1.360000000000001)
[INFO] [1744765879.834617917] [pure_pursuit_lookahead]: (7.697222191039504, 0.7966307838925675, 1.364000000000001)
[INFO] [1744765879.845420995] [pure_pursuit_lookahead]: (7.698027827587162, 0.8005488127021958, 1.368000000000001)
[INFO] [1744765879.862495889] [pure_pursuit_lookahead]: (7.69881778561629, 0.8044700327052327, 1.372000000000001)
[INFO] [1744765879.866966784] [pure_pursuit_lookahead]: (7.699592052487577, 0.8083943811622416, 1.376000000000001)
[INFO] [1744765879.879643855] [pure_pursuit_lookahead]: (7.700350615812768, 0.812321795283731, 1.380000000000001)
[INFO] [1744765879.888115701] [pure_pursuit_lookahead]: (7.701093463454868, 0.8162522122311588, 1.384000000000001)
[INFO] [1744765879.897659091] [pure_pursuit_lookahead]: (7.701820583528328, 0.8201855691179377, 1.3880000000000012)
[INFO] [1744765879.907195519] [pure_pursuit_lookahead]: (7.702531964399245, 0.8241218030104414, 1.392000000000001)
[INFO] [1744765879.917715565] [pure_pursuit_lookahead]: (7.703227594685539, 0.8280608509290114, 1.396000000000001)
[INFO] [1744765879.931203220] [pure_pursuit_lookahead]: (7.70390746325714, 0.8320026498489652, 1.400000000000001)
[INFO] [1744765879.945506628] [pure_pursuit_lookahead]: (7.704572195496333, 0.8359470295277206, 1.4038386941488439)
[INFO] [1744765879.987739771] [pure_pursuit_lookahead]: (7.705221781607918, 0.8398939318426552, 1.4076773882976867)
[INFO] [1744765879.993012834] [pure_pursuit_lookahead]: (7.705856212019884, 0.8438432986339739, 1.4115160824465296)
[INFO] [1744765879.998570532] [pure_pursuit_lookahead]: (7.706475477383548, 0.8477950717055667, 1.4153547765953725)
[INFO] [1744765880.002283962] [pure_pursuit_lookahead]: (7.707079568573691, 0.8517491928258654, 1.4191934707442153)
[INFO] [1744765880.005488076] [pure_pursuit_lookahead]: (7.707668476688694, 0.8557056037287019, 1.4230321648930582)
[INFO] [1744765880.016005234] [pure_pursuit_lookahead]: (7.708242193050669, 0.8596642461141671, 1.426870859041901)
[INFO] [1744765880.027911719] [pure_pursuit_lookahead]: (7.708800709205588, 0.8636250616494698, 1.4307095531907439)
[INFO] [1744765880.035564606] [pure_pursuit_lookahead]: (7.709344016923405, 0.8675879919697961, 1.4345482473395865)
[INFO] [1744765880.047646027] [pure_pursuit_lookahead]: (7.709872108198179, 0.8715529786791695, 1.4383869414884296)
[INFO] [1744765880.057248078] [pure_pursuit_lookahead]: (7.710384978348131, 0.8755199629505385, 1.4422248542029796)
[INFO] [1744765880.074479831] [pure_pursuit_lookahead]: (7.710882619818911, 0.8794888863519863, 1.4460627669175297)
[INFO] [1744765880.078134191] [pure_pursuit_lookahead]: (7.71136502528048, 0.8834596904230338, 1.4499006796320797)
[INFO] [1744765880.084904568] [pure_pursuit_lookahead]: (7.711832187627221, 0.8874323166755005, 1.4537385923466297)
[INFO] [1744765880.113003115] [pure_pursuit_lookahead]: (7.7122840999780395, 0.8914067065943657, 1.4575765050611798)
[INFO] [1744765880.119206178] [pure_pursuit_lookahead]: (7.712720755676468, 0.8953828016386308, 1.4614144177757298)
[INFO] [1744765880.128986304] [pure_pursuit_lookahead]: (7.713142148290761, 0.8993605432421816, 1.46525233049028)
[INFO] [1744765880.133009665] [pure_pursuit_lookahead]: (7.713548271613994, 0.9033398728146507, 1.46909024320483)
[INFO] [1744765880.155084468] [pure_pursuit_lookahead]: (7.71393911966415, 0.9073207317422805, 1.4729281559193799)
[INFO] [1744765880.156526519] [pure_pursuit_lookahead]: (7.71431468668421, 0.9113030613887868, 1.47676606863393)
[INFO] [1744765880.163052847] [pure_pursuit_lookahead]: (7.714674967142239, 0.9152868030962225, 1.48060398134848)
[INFO] [1744765880.178979808] [pure_pursuit_lookahead]: (7.715019956046504, 0.9192718981585684, 1.4844418150088041)
[INFO] [1744765880.189531233] [pure_pursuit_lookahead]: (7.715349648315682, 0.9232582878795621, 1.4882796486691283)
[INFO] [1744765880.195981268] [pure_pursuit_lookahead]: (7.715664039093752, 0.9272459135438722, 1.4921174823294525)
[INFO] [1744765880.206706160] [pure_pursuit_lookahead]: (7.715963123750067, 0.9312347164179632, 1.4959553159897767)
[INFO] [1744765880.217956359] [pure_pursuit_lookahead]: (7.716246897879427, 0.9352246377509604, 1.499793149650101)
[INFO] [1744765880.232525281] [pure_pursuit_lookahead]: (7.716515357302135, 0.9392156187755155, 1.503630983310425)
[INFO] [1744765880.244072604] [pure_pursuit_lookahead]: (7.7167684980640665, 0.943207600708672, 1.5074688169707493)
[INFO] [1744765880.254745327] [pure_pursuit_lookahead]: (7.717006316745589, 0.9472005247343354, 1.511306573278126)
[INFO] [1744765880.261927068] [pure_pursuit_lookahead]: (7.717228809844024, 0.9511943320433012, 1.5151443295855025)
[INFO] [1744765880.277138423] [pure_pursuit_lookahead]: (7.717435974082415, 0.9551889638133562, 1.5189820858928793)
[INFO] [1744765880.296017474] [pure_pursuit_lookahead]: (7.717627806409571, 0.9591843612101438, 1.5228198422002557)
[INFO] [1744765880.307964001] [pure_pursuit_lookahead]: (7.71780430400012, 0.9631804653880314, 1.526657598507632)
[INFO] [1744765880.316515698] [pure_pursuit_lookahead]: (7.717965464254542, 0.9671772174909763, 1.5304953548150089)
[INFO] [1744765880.319637166] [pure_pursuit_lookahead]: (7.71811128479921, 0.9711745586533932, 1.5343331111223855)
[INFO] [1744765880.337247902] [pure_pursuit_lookahead]: (7.718241763486429, 0.9751724300010208, 1.538170867429762)
[INFO] [1744765880.351858247] [pure_pursuit_lookahead]: (7.718356898394461, 0.9791707726517891, 1.5420086237371387)
[INFO] [1744765880.354426505] [pure_pursuit_lookahead]: (7.718456688194917, 0.983169527707519, 1.545846288176522)
[INFO] [1744765880.362930712] [pure_pursuit_lookahead]: (7.718541131418127, 0.9871686362759444, 1.5496839526159054)
[INFO] [1744765880.370495002] [pure_pursuit_lookahead]: (7.7186102268204415, 0.9911680394595931, 1.5535216170552888)
[INFO] [1744765880.375750672] [pure_pursuit_lookahead]: (7.718663973384247, 0.9951676783566535, 1.5573592814946722)
[INFO] [1744765880.386206308] [pure_pursuit_lookahead]: (7.718702370317984, 0.9991674940618429, 1.5611969459340556)
[INFO] [1744765880.394480933] [pure_pursuit_lookahead]: (7.718725417056154, 1.0031674276672744, 1.565034610373439)
[INFO] [1744765880.403313717] [pure_pursuit_lookahead]: (7.718733113259334, 1.0071674202633247, 1.5688722748128223)
[INFO] [1744765880.417298607] [pure_pursuit_lookahead]: (7.718725458814176, 1.0111674129395016, 1.5727099392522057)
[INFO] [1744765880.425130099] [pure_pursuit_lookahead]: (7.718702453833413, 1.0151673467853122, 1.576547603691589)
[INFO] [1744765880.434385979] [pure_pursuit_lookahead]: (7.718664099143859, 1.019167162895809, 1.5803851461241953)
[INFO] [1744765880.446612784] [pure_pursuit_lookahead]: (7.7186103953103515, 1.0231668023668448, 1.5842226885568016)
[INFO] [1744765880.453726251] [pure_pursuit_lookahead]: (7.718541343123772, 1.0271662062968734, 1.5880602309894079)
[INFO] [1744765880.465740712] [pure_pursuit_lookahead]: (7.7184569436010335, 1.0311653157878178, 1.591897773422014)
[INFO] [1744765880.475559350] [pure_pursuit_lookahead]: (7.718357197985062, 1.0351640719459367, 1.5957353158546204)
[INFO] [1744765880.484613982] [pure_pursuit_lookahead]: (7.718242107744784, 1.0391624158826926, 1.5995728582872266)
[INFO] [1744765880.495992422] [pure_pursuit_lookahead]: (7.718111674575098, 1.0431602887156184, 1.603410400719833)
[INFO] [1744765880.504877805] [pure_pursuit_lookahead]: (7.717965900396859, 1.0471576315691848, 1.6072479431524391)
[INFO] [1744765880.515854069] [pure_pursuit_lookahead]: (7.717804787356839, 1.0511543855756675, 1.6110854855850454)
[INFO] [1744765880.527983822] [pure_pursuit_lookahead]: (7.717628337827707, 1.055150491876014, 1.6149230280176519)
[INFO] [1744765880.536910963] [pure_pursuit_lookahead]: (7.717436554984468, 1.059145891648382, 1.6187604261625594)
[INFO] [1744765880.553377940] [pure_pursuit_lookahead]: (7.717229441651243, 1.063140526058087, 1.6225978243074677)
[INFO] [1744765880.561355386] [pure_pursuit_lookahead]: (7.717007000877901, 1.067134336281715, 1.6264352224523757)
[INFO] [1744765880.575680706] [pure_pursuit_lookahead]: (7.716769235940017, 1.071127263507988, 1.6302726205972837)
[INFO] [1744765880.578813415] [pure_pursuit_lookahead]: (7.716516150338824, 1.0751192489386314, 1.6341100187421918)
[INFO] [1744765880.604519133] [pure_pursuit_lookahead]: (7.7162477478011615, 1.0791102337892386, 1.6379474168870998)
[INFO] [1744765880.658636703] [pure_pursuit_lookahead]: (7.715964032279419, 1.0831001592901375, 1.6417848150320078)
[INFO] [1744765880.661460100] [pure_pursuit_lookahead]: (7.715665007951479, 1.0870889666872552, 1.6456222131769158)
[INFO] [1744765880.664241028] [pure_pursuit_lookahead]: (7.715350679220657, 1.0910765972429837, 1.6494596113218236)
[INFO] [1744765880.665999273] [pure_pursuit_lookahead]: (7.7150210507156345, 1.095062992237045, 1.6532970094667316)
[INFO] [1744765880.667470249] [pure_pursuit_lookahead]: (7.7146761272903905, 1.099048092967355, 1.6571344076116399)
[INFO] [1744765880.669770984] [pure_pursuit_lookahead]: (7.714315914024132, 1.1030318407508888, 1.660971805756548)
[INFO] [1744765880.671887603] [pure_pursuit_lookahead]: (7.713940416221217, 1.1070141769245443, 1.664809203901456)
[INFO] [1744765880.674666907] [pure_pursuit_lookahead]: (7.713549639411078, 1.1109950428460065, 1.6686466020463642)
[INFO] [1744765880.682829412] [pure_pursuit_lookahead]: (7.713143589348142, 1.1149743798946101, 1.672484000191272)
[INFO] [1744765880.685021873] [pure_pursuit_lookahead]: (7.712722272539932, 1.118952129528149, 1.6763212655501618)
[INFO] [1744765880.695489221] [pure_pursuit_lookahead]: (7.712285695190164, 1.1229282331759014, 1.6801585309090517)
[INFO] [1744765880.706891486] [pure_pursuit_lookahead]: (7.711833863727258, 1.1269026322913813, 1.6839957962679415)
[INFO] [1744765880.714808238] [pure_pursuit_lookahead]: (7.711366784804247, 1.1308752683532022, 1.6878330616268313)
[INFO] [1744765880.725641748] [pure_pursuit_lookahead]: (7.710884465298675, 1.134846082865937, 1.6916703269857212)
[INFO] [1744765880.733823905] [pure_pursuit_lookahead]: (7.710386912312498, 1.1388150173609806, 1.695507592344611)
[INFO] [1744765880.746712501] [pure_pursuit_lookahead]: (7.7098741341223445, 1.1427820135202555, 1.699344618135212)
[INFO] [1744765880.758979103] [pure_pursuit_lookahead]: (7.709346138277719, 1.146747012938674, 1.7031816439258132)
[INFO] [1744765880.763787482] [pure_pursuit_lookahead]: (7.708802932552173, 1.1507099572405453, 1.7070186697164142)
[INFO] [1744765880.776066916] [pure_pursuit_lookahead]: (7.708244524943186, 1.1546707880804354, 1.7108556955070156)
[INFO] [1744765880.783215986] [pure_pursuit_lookahead]: (7.707670923672055, 1.158629447144027, 1.7146927212976164)
[INFO] [1744765880.796307366] [pure_pursuit_lookahead]: (7.7070821371837654, 1.162585876148977, 1.7185297470882175)
[INFO] [1744765880.804586289] [pure_pursuit_lookahead]: (7.7064781741468735, 1.1665400168457742, 1.7223667728788183)
[INFO] [1744765880.817853550] [pure_pursuit_lookahead]: (7.705859043453376, 1.1704918110185987, 1.7262037986694196)
[INFO] [1744765880.827802493] [pure_pursuit_lookahead]: (7.7052247542185786, 1.174441200486177, 1.7300408244600207)
[INFO] [1744765880.836458124] [pure_pursuit_lookahead]: (7.7045753157809616, 1.1783881271026402, 1.7338778502506218)
[INFO] [1744765880.846084561] [pure_pursuit_lookahead]: (7.703910738607257, 1.1823325329108945, 1.7377146465486368)
[INFO] [1744765880.853999309] [pure_pursuit_lookahead]: (7.703231032480696, 1.1862743598453902, 1.7415514428466519)
[INFO] [1744765880.865557608] [pure_pursuit_lookahead]: (7.702536207407225, 1.190213549878541, 1.745388239144667)
[INFO] [1744765880.875118080] [pure_pursuit_lookahead]: (7.701826273615355, 1.194150045021579, 1.749225035442682)
[INFO] [1744765880.886920858] [pure_pursuit_lookahead]: (7.701101241556013, 1.1980837873254069, 1.753061831740697)
[INFO] [1744765880.897480158] [pure_pursuit_lookahead]: (7.700361121902387, 1.2020147188814527, 1.756898628038712)
[INFO] [1744765880.905667033] [pure_pursuit_lookahead]: (7.699605925549769, 1.2059427818225208, 1.760735424336727)
[INFO] [1744765880.916544366] [pure_pursuit_lookahead]: (7.698835663615396, 1.2098679183236447, 1.764572220634742)
[INFO] [1744765880.928467080] [pure_pursuit_lookahead]: (7.698050347438285, 1.213790070602938, 1.768409016932757)
[INFO] [1744765880.936959429] [pure_pursuit_lookahead]: (7.697261008398639, 1.2177114152550301, 1.7694347997477708)
[INFO] [1744765880.946348905] [pure_pursuit_lookahead]: (7.696467647327026, 1.2216319481537634, 1.7704605825627848)
[INFO] [1744765880.955276779] [pure_pursuit_lookahead]: (7.6956702650582445, 1.2255516651738343, 1.771486365377799)
[INFO] [1744765880.968078514] [pure_pursuit_lookahead]: (7.694868862431324, 1.2294705621907978, 1.772512148192813)
[INFO] [1744765880.979774131] [pure_pursuit_lookahead]: (7.694063440289525, 1.2333886350810717, 1.773537931007827)
[INFO] [1744765880.983967844] [pure_pursuit_lookahead]: (7.693253999480336, 1.2373058797219412, 1.774563713822841)
[INFO] [1744765880.995651759] [pure_pursuit_lookahead]: (7.692440540855476, 1.2412222919915628, 1.775589496637855)
[INFO] [1744765881.031705806] [pure_pursuit_lookahead]: (7.691623065270892, 1.2451378677689686, 1.776615279452869)
[INFO] [1744765881.036900311] [pure_pursuit_lookahead]: (7.6908015735867545, 1.2490526029340716, 1.7776410622678829)
[INFO] [1744765881.040350131] [pure_pursuit_lookahead]: (7.689976066667463, 1.2529664933676685, 1.7786668450828969)
[INFO] [1744765881.188736625] [pure_pursuit_lookahead]: (7.68914654538164, 1.2568795349514454, 1.7796926278979108)
[INFO] [1744765881.191296587] [pure_pursuit_lookahead]: (7.684938758492217, 1.2764318669835018, 1.7848210979174053)
[INFO] [1744765881.257445509] [pure_pursuit_lookahead]: (7.684085171653917, 1.2803397295078853, 1.7858467697185254)
[INFO] [1744765881.259784757] [pure_pursuit_lookahead]: (7.678879519919568, 1.3037683321691271, 1.7920008005252461)
[INFO] [1744765881.298489888] [pure_pursuit_lookahead]: (7.677997898031868, 1.3076699655254445, 1.793026472326366)
[INFO] [1744765881.300581069] [pure_pursuit_lookahead]: (7.675329028114432, 1.3193694113401648, 1.7961034877297266)
[INFO] [1744765881.323055894] [pure_pursuit_lookahead]: (7.674431406510128, 1.3232673948516085, 1.7971291595308467)
[INFO] [1744765881.324057877] [pure_pursuit_lookahead]: (7.673529787326906, 1.3271644556477018, 1.7981548313319669)
[INFO] [1744765881.341566607] [pure_pursuit_lookahead]: (7.671714559997015, 1.3349557926901292, 1.8002061791992892)
[INFO] [1744765881.346967139] [pure_pursuit_lookahead]: (7.670800953759977, 1.338850060739923, 1.8012318531329503)
[INFO] [1744765881.349601942] [pure_pursuit_lookahead]: (7.66988335375497, 1.3427433896793797, 1.8022575270666115)
[INFO] [1744765881.355954329] [pure_pursuit_lookahead]: (7.668961760947315, 1.3466357754126903, 1.8032832010002726)
[INFO] [1744765881.360885118] [pure_pursuit_lookahead]: (7.668036176299203, 1.3505272138432938, 1.8043088768183484)
[INFO] [1744765881.418769163] [pure_pursuit_lookahead]: (7.667106600784356, 1.354417700877355, 1.8053345526364242)
[INFO] [1744765881.420665889] [pure_pursuit_lookahead]: (7.664293938839637, 1.3660834126769714, 1.8084115800906515)
[INFO] [1744765881.429068384] [pure_pursuit_lookahead]: (7.6633484096790605, 1.3699700532065933, 1.8094372559087273)
[INFO] [1744765881.435001658] [pure_pursuit_lookahead]: (7.6623988945833315, 1.373855721885596, 1.810462931726803)
[INFO] [1744765881.448790365] [pure_pursuit_lookahead]: (7.661445394545075, 1.3777404146246741, 1.8114886091601732)
[INFO] [1744765881.451216836] [pure_pursuit_lookahead]: (7.6604879105673875, 1.381624127337076, 1.8125142865935433)
[INFO] [1744765881.453897473] [pure_pursuit_lookahead]: (7.659526443657555, 1.385506855937081, 1.8135399640269134)
[INFO] [1744765881.468884256] [pure_pursuit_lookahead]: (7.658560994827053, 1.3893885963400037, 1.8145656414602838)
[INFO] [1744765881.471985158] [pure_pursuit_lookahead]: (7.65759156509155, 1.3932693444621989, 1.8155913188936539)
[INFO] [1744765881.477084294] [pure_pursuit_lookahead]: (7.656618155470897, 1.3971490962210644, 1.8166169963270236)
[INFO] [1744765881.481873777] [pure_pursuit_lookahead]: (7.655640766989137, 1.401027847535047, 1.817642673760394)
[INFO] [1744765881.484804166] [pure_pursuit_lookahead]: (7.654659400674495, 1.4049055943236455, 1.818668351193764)
[INFO] [1744765881.489832619] [pure_pursuit_lookahead]: (7.653674057559383, 1.4087823325074154, 1.8196940286271341)
[INFO] [1744765881.495363497] [pure_pursuit_lookahead]: (7.652684738680394, 1.4126580580079735, 1.820719706060504)
[INFO] [1744765881.502573320] [pure_pursuit_lookahead]: (7.651691445067883, 1.4165327667453296, 1.8217453861844284)
[INFO] [1744765881.506837476] [pure_pursuit_lookahead]: (7.6506941777668125, 1.420406454643214, 1.8227710663083525)
[INFO] [1744765881.510837305] [pure_pursuit_lookahead]: (7.649692937826328, 1.424279117626431, 1.8237967464322766)
[INFO] [1744765881.538226619] [pure_pursuit_lookahead]: (7.6486877262997535, 1.428150751620863, 1.8248224265562007)
[INFO] [1744765881.540439278] [pure_pursuit_lookahead]: (7.647678544244591, 1.432021352553475, 1.825848106680125)
[INFO] [1744765881.552457246] [pure_pursuit_lookahead]: (7.64666539272252, 1.4358909163523192, 1.826873786804049)
[INFO] [1744765881.558639558] [pure_pursuit_lookahead]: (7.645648272799396, 1.4397594389465385, 1.8278994669279731)
[INFO] [1744765881.563872966] [pure_pursuit_lookahead]: (7.644627185545249, 1.4436269162663709, 1.8289251470518972)
[INFO] [1744765881.566500936] [pure_pursuit_lookahead]: (7.643602132034283, 1.4474933442431546, 1.8299508271758214)
[INFO] [1744765881.573988402] [pure_pursuit_lookahead]: (7.6425731133448735, 1.4513587188093313, 1.8309765072997457)
[INFO] [1744765881.581298889] [pure_pursuit_lookahead]: (7.641540130559569, 1.4552230358984515, 1.8320021874236696)
[INFO] [1744765881.584539862] [pure_pursuit_lookahead]: (7.640503184765088, 1.4590862914451774, 1.8330278675475937)
[INFO] [1744765881.587100606] [pure_pursuit_lookahead]: (7.639462277034664, 1.4629484813805305, 1.8340535522425279)
[INFO] [1744765881.589601788] [pure_pursuit_lookahead]: (7.6384174084633605, 1.466809601641375, 1.835079236937462)
[INFO] [1744765881.613924497] [pure_pursuit_lookahead]: (7.637368580150411, 1.4706696481657002, 1.8361049216323961)
[INFO] [1744765881.617559871] [pure_pursuit_lookahead]: (7.636315793199213, 1.4745286168926255, 1.8371306063273303)
[INFO] [1744765881.620259415] [pure_pursuit_lookahead]: (7.635259048717328, 1.4783865037624038, 1.8381562910222646)
[INFO] [1744765881.675249755] [pure_pursuit_lookahead]: (7.634198347816484, 1.482243304716426, 1.8391819757171985)
[INFO] [1744765881.677472855] [pure_pursuit_lookahead]: (7.633133691612566, 1.486099015697226, 1.8402076604121325)
[INFO] [1744765881.679977062] [pure_pursuit_lookahead]: (7.6320650812132005, 1.489953632645039, 1.841233348330635)
[INFO] [1744765881.680813244] [pure_pursuit_lookahead]: (7.630992517742603, 1.493807151504671, 1.8422590362491373)
[INFO] [1744765881.685379659] [pure_pursuit_lookahead]: (7.629916002329147, 1.4976595682220826, 1.8432847241676393)
[INFO] [1744765881.686299748] [pure_pursuit_lookahead]: (7.628835536105367, 1.5015108787443943, 1.8443104120861415)
[INFO] [1744765881.688027787] [pure_pursuit_lookahead]: (7.62775112020795, 1.5053610790198904, 1.8453361000046438)
[INFO] [1744765881.697465163] [pure_pursuit_lookahead]: (7.626662755777741, 1.509210164998023, 1.846361787923146)
[INFO] [1744765881.706669646] [pure_pursuit_lookahead]: (7.625570443959739, 1.5130581326294166, 1.8473874758416482)
[INFO] [1744765881.717111716] [pure_pursuit_lookahead]: (7.624474185903094, 1.516904977865872, 1.8484131637601504)
[INFO] [1744765881.723085015] [pure_pursuit_lookahead]: (7.623373982761109, 1.5207506966603714, 1.8494388516786529)
[INFO] [1744765881.735483057] [pure_pursuit_lookahead]: (7.622269835691236, 1.5245952849670814, 1.8504645395971548)
[INFO] [1744765881.743941794] [pure_pursuit_lookahead]: (7.621161745844768, 1.528438738738386, 1.8514902301980758)
[INFO] [1744765881.760598817] [pure_pursuit_lookahead]: (7.620049714387461, 1.5322810539308136, 1.8525159207989967)
[INFO] [1744765881.764088247] [pure_pursuit_lookahead]: (7.618933742489218, 1.5361222265020906, 1.8535416113999177)
[INFO] [1744765881.776676881] [pure_pursuit_lookahead]: (7.617813831324087, 1.5399622524111458, 1.8545673020008386)
[INFO] [1744765881.788778265] [pure_pursuit_lookahead]: (7.616689982070261, 1.5438011276181138, 1.8555929926017596)
[INFO] [1744765881.793039236] [pure_pursuit_lookahead]: (7.6155621959100745, 1.5476388480843402, 1.8566186832026805)
[INFO] [1744765881.808189461] [pure_pursuit_lookahead]: (7.614430474030006, 1.551475409772385, 1.8576443738036015)
[INFO] [1744765881.816924813] [pure_pursuit_lookahead]: (7.613294817620673, 1.555310808646028, 1.8586700644045222)
[INFO] [1744765881.824655195] [pure_pursuit_lookahead]: (7.612155227876833, 1.5591450406702716, 1.8596957550054434)
[INFO] [1744765881.841856070] [pure_pursuit_lookahead]: (7.611011705987108, 1.5629781018082813, 1.8607214482865453)
[INFO] [1744765881.849188564] [pure_pursuit_lookahead]: (7.609864253154536, 1.5668099880274982, 1.8617471415676472)
[INFO] [1744765881.855911467] [pure_pursuit_lookahead]: (7.608712870586292, 1.570640695296599, 1.8627728348487491)
[INFO] [1744765881.868270460] [pure_pursuit_lookahead]: (7.607557559493682, 1.5744702195855014, 1.863798528129851)
[INFO] [1744765881.874859072] [pure_pursuit_lookahead]: (7.60639832109215, 1.5782985568653674, 1.864824221410953)
[INFO] [1744765881.889550134] [pure_pursuit_lookahead]: (7.605235156601266, 1.5821257031086076, 1.8658499146920549)
[INFO] [1744765881.896452905] [pure_pursuit_lookahead]: (7.604068067244734, 1.5859516542888856, 1.8668756079731568)
[INFO] [1744765881.908272680] [pure_pursuit_lookahead]: (7.602897054250388, 1.5897764063811226, 1.8679013012542587)
[INFO] [1744765881.914855625] [pure_pursuit_lookahead]: (7.601722118850186, 1.593599955361501, 1.8689269945353604)
[INFO] [1744765881.926044885] [pure_pursuit_lookahead]: (7.600543262280216, 1.5974222972074692, 1.8699526878164625)
[INFO] [1744765881.934487055] [pure_pursuit_lookahead]: (7.599360485780691, 1.6012434278977452, 1.8709783810975644)
[INFO] [1744765881.946474740] [pure_pursuit_lookahead]: (7.598173790585717, 1.6050633434091441, 1.8720040770563084)
[INFO] [1744765881.958043068] [pure_pursuit_lookahead]: (7.59698317794376, 1.6088820397229155, 1.8730297730150525)
[INFO] [1744765881.965022483] [pure_pursuit_lookahead]: (7.595788649107406, 1.6126995128215922, 1.8740554689737963)
[INFO] [1744765881.975162630] [pure_pursuit_lookahead]: (7.594590205333362, 1.6165157586889933, 1.8750811649325405)
[INFO] [1744765881.984147561] [pure_pursuit_lookahead]: (7.593387847882453, 1.6203307733102292, 1.8761068608912845)
[INFO] [1744765881.995861752] [pure_pursuit_lookahead]: (7.5921815780196225, 1.624144552671706, 1.8771325568500286)
[INFO] [1744765882.007326975] [pure_pursuit_lookahead]: (7.590971397013928, 1.6279570927611289, 1.8781582528087726)
[INFO] [1744765882.014779746] [pure_pursuit_lookahead]: (7.589757306138544, 1.6317683895675072, 1.8791839487675166)
[INFO] [1744765882.023505008] [pure_pursuit_lookahead]: (7.588539306670757, 1.635578439081158, 1.8802096447262606)
[INFO] [1744765882.036217296] [pure_pursuit_lookahead]: (7.587317399891966, 1.6393872372937108, 1.8812353406850046)
[INFO] [1744765882.046222695] [pure_pursuit_lookahead]: (7.586091587077494, 1.6431947801948317, 1.8822610393191843)
[INFO] [1744765882.055862110] [pure_pursuit_lookahead]: (7.584861869516966, 1.6470010637787662, 1.883286737953364)
[INFO] [1744765882.066385488] [pure_pursuit_lookahead]: (7.583628248504116, 1.6508060840410848, 1.8843124365875437)
[INFO] [1744765882.075978763] [pure_pursuit_lookahead]: (7.582390725336785, 1.654609836978687, 1.8853381352217233)
[INFO] [1744765882.087479753] [pure_pursuit_lookahead]: (7.581149301316917, 1.6584123185898059, 1.886363833855903)
[INFO] [1744765882.097653649] [pure_pursuit_lookahead]: (7.579903977750563, 1.6622135248740115, 1.8873895324900827)
[INFO] [1744765882.106262993] [pure_pursuit_lookahead]: (7.578654755947875, 1.666013451832216, 1.8884152311242621)
[INFO] [1744765882.115617679] [pure_pursuit_lookahead]: (7.577401637223106, 1.6698120954666773, 1.889440929758442)
[INFO] [1744765882.126916670] [pure_pursuit_lookahead]: (7.57614462289461, 1.6736094517810036, 1.8904666283926217)
[INFO] [1744765882.134403614] [pure_pursuit_lookahead]: (7.574883714284836, 1.6774055167801574, 1.8914923270268014)
[INFO] [1744765882.147312161] [pure_pursuit_lookahead]: (7.5736189127101925, 1.6812002864670788, 1.8925180283338232)
[INFO] [1744765882.156329652] [pure_pursuit_lookahead]: (7.572350219501328, 1.6849937568494309, 1.8935437296408448)
[INFO] [1744765882.165720807] [pure_pursuit_lookahead]: (7.5710776359929906, 1.6887859239362437, 1.894569430947867)
[INFO] [1744765882.174104076] [pure_pursuit_lookahead]: (7.5698011635240166, 1.692576783737918, 1.895595132254889)
[INFO] [1744765882.185984505] [pure_pursuit_lookahead]: (7.568520803437336, 1.6963663322662303, 1.8966208335619106)
[INFO] [1744765882.194147876] [pure_pursuit_lookahead]: (7.567236557079967, 1.7001545655343364, 1.8976465348689324)
[INFO] [1744765882.206962181] [pure_pursuit_lookahead]: (7.56594842580302, 1.703941479556776, 1.8986722361759545)
[INFO] [1744765882.214263266] [pure_pursuit_lookahead]: (7.564656410961689, 1.7077270703494767, 1.899697937482976)
[INFO] [1744765882.225387042] [pure_pursuit_lookahead]: (7.5633605139152555, 1.711511333929758, 1.900723638789998)
[INFO] [1744765882.233738247] [pure_pursuit_lookahead]: (7.562060736027085, 1.7152942663163364, 1.9017493400970198)
[INFO] [1744765882.249668409] [pure_pursuit_lookahead]: (7.560757078654529, 1.719075863525847, 1.9027750440741427)
[INFO] [1744765882.257432094] [pure_pursuit_lookahead]: (7.559449543169123, 1.7228561215797904, 1.9038007480512655)
[INFO] [1744765882.266887288] [pure_pursuit_lookahead]: (7.558138130946485, 1.726635036501076, 1.9048264520283886)
[INFO] [1744765882.275042930] [pure_pursuit_lookahead]: (7.5568228433663105, 1.7304126043140264, 1.9058521560055113)
[INFO] [1744765882.285932721] [pure_pursuit_lookahead]: (7.555503681812373, 1.7341888210443812, 1.9068778599826341)
[INFO] [1744765882.293387956] [pure_pursuit_lookahead]: (7.554180647672519, 1.7379636827193015, 1.907903563959757)
[INFO] [1744765882.308024010] [pure_pursuit_lookahead]: (7.552853742338672, 1.741737185367374, 1.90892926793688)
[INFO] [1744765882.316669142] [pure_pursuit_lookahead]: (7.551522967206828, 1.745509325018615, 1.9099549719140028)
[INFO] [1744765882.326993430] [pure_pursuit_lookahead]: (7.5501883236770535, 1.7492800977044756, 1.9109806758911256)
[INFO] [1744765882.336878493] [pure_pursuit_lookahead]: (7.5488498131434305, 1.7530494994542736, 1.9120063825354603)
[INFO] [1744765882.345318640] [pure_pursuit_lookahead]: (7.547507437014172, 1.7568175263023198, 1.9130320891797945)
[INFO] [1744765882.358247053] [pure_pursuit_lookahead]: (7.546161196701556, 1.7605841742843709, 1.914057795824129)
[INFO] [1744765882.367087577] [pure_pursuit_lookahead]: (7.544811093621928, 1.7643494394376342, 1.9150835024684634)
[INFO] [1744765882.373133959] [pure_pursuit_lookahead]: (7.543457129195696, 1.7681133178007722, 1.9161092091127978)
[INFO] [1744765882.385509995] [pure_pursuit_lookahead]: (7.542099304847331, 1.771875805413906, 1.9171349157571322)
[INFO] [1744765882.396765589] [pure_pursuit_lookahead]: (7.540737622005365, 1.7756368983186206, 1.9181606224014667)
[INFO] [1744765882.408006125] [pure_pursuit_lookahead]: (7.539372082102387, 1.7793965925579676, 1.919186329045801)
[INFO] [1744765882.414028396] [pure_pursuit_lookahead]: (7.538002686575049, 1.7831548841764702, 1.9202120356901355)
[INFO] [1744765882.426489471] [pure_pursuit_lookahead]: (7.536629436864055, 1.7869117692201273, 1.92123774233447)
[INFO] [1744765882.434687798] [pure_pursuit_lookahead]: (7.5352523344141655, 1.790667243736418, 1.9222634489788044)
[INFO] [1744765882.446948892] [pure_pursuit_lookahead]: (7.533871380664194, 1.7944213037706263, 1.923289158287002)
[INFO] [1744765882.457366125] [pure_pursuit_lookahead]: (7.532486577067014, 1.7981739453731826, 1.9243148675951998)
[INFO] [1744765882.466329751] [pure_pursuit_lookahead]: (7.531097925079549, 1.8019251645960097, 1.925340576903397)
[INFO] [1744765882.473878682] [pure_pursuit_lookahead]: (7.52970542616277, 1.8056749574925268, 1.9263662862115947)
[INFO] [1744765882.485073452] [pure_pursuit_lookahead]: (7.528309081781698, 1.8094233201176537, 1.9273919955197922)
[INFO] [1744765882.493915784] [pure_pursuit_lookahead]: (7.526908893405397, 1.813170248527815, 1.9284177048279898)
[INFO] [1744765882.508499309] [pure_pursuit_lookahead]: (7.525504862506978, 1.8169157387809438, 1.9294434141361874)
[INFO] [1744765882.515459664] [pure_pursuit_lookahead]: (7.524096990563591, 1.820659786936487, 1.930469123444385)
[INFO] [1744765882.533502773] [pure_pursuit_lookahead]: (7.522685279056431, 1.824402389055408, 1.9314948327525825)
[INFO] [1744765882.539412212] [pure_pursuit_lookahead]: (7.5212697294607755, 1.8281435411964255, 1.932520544721764)
[INFO] [1744765882.547796113] [pure_pursuit_lookahead]: (7.519850343265903, 1.8318832394235294, 1.9335462566909454)
[INFO] [1744765882.555677208] [pure_pursuit_lookahead]: (7.518427121965127, 1.8356214798022394, 1.9345719686601268)
[INFO] [1744765882.569481569] [pure_pursuit_lookahead]: (7.517000067055799, 1.8393582583996093, 1.9355976806293083)
[INFO] [1744765882.589077527] [pure_pursuit_lookahead]: (7.5155691800393, 1.8430935712842305, 1.9366233925984897)
[INFO] [1744765882.598046808] [pure_pursuit_lookahead]: (7.514134462421047, 1.8468274145262362, 1.9376491045676711)
[INFO] [1744765882.600314751] [pure_pursuit_lookahead]: (7.5126959157104825, 1.8505597841973065, 1.9386748165368526)
[INFO] [1744765882.608934365] [pure_pursuit_lookahead]: (7.511253541421081, 1.8542906763706712, 1.939700528506034)
[INFO] [1744765882.616927862] [pure_pursuit_lookahead]: (7.509807341070343, 1.858020087121115, 1.9407262404752155)
[INFO] [1744765882.639118498] [pure_pursuit_lookahead]: (7.508357316179794, 1.8617480125249808, 1.941751952444397)
[INFO] [1744765882.656773147] [pure_pursuit_lookahead]: (7.506903468274983, 1.8654744486601744, 1.9427776644135784)
[INFO] [1744765882.684795496] [pure_pursuit_lookahead]: (7.505445798885481, 1.8691993916061684, 1.9438033763827598)
[INFO] [1744765882.716637334] [pure_pursuit_lookahead]: (7.503984309534988, 1.872922837440123, 1.9448290910092487)
[INFO] [1744765882.739328331] [pure_pursuit_lookahead]: (7.5025190017611205, 1.8766447822446364, 1.9458548056357376)
[INFO] [1744765882.753868875] [pure_pursuit_lookahead]: (7.501049877105515, 1.880365222103886, 1.9468805202622266)
[INFO] [1744765882.790507305] [pure_pursuit_lookahead]: (7.499576937113825, 1.884084153103633, 1.9479062348887155)
[INFO] [1744765882.791739812] [pure_pursuit_lookahead]: (7.4981001833357155, 1.8878015713312257, 1.9489319495152044)
[INFO] [1744765882.817727316] [pure_pursuit_lookahead]: (7.496619617324865, 1.8915174728756041, 1.9499576641416934)
[INFO] [1744765882.820644059] [pure_pursuit_lookahead]: (7.495135240638962, 1.8952318538273039, 1.9509833787681823)
[INFO] [1744765882.824588304] [pure_pursuit_lookahead]: (7.493647054834777, 1.8989447102764843, 1.952009094722455)
[INFO] [1744765882.843328078] [pure_pursuit_lookahead]: (7.492155061478019, 1.9026560383168747, 1.953034810676728)
[INFO] [1744765882.849007785] [pure_pursuit_lookahead]: (7.4906592621384025, 1.9063658340438123, 1.9540605266310007)
[INFO] [1744765882.902861729] [pure_pursuit_lookahead]: (7.48915965838965, 1.9100740935542468, 1.9550862425852735)
[INFO] [1744765882.911687250] [pure_pursuit_lookahead]: (7.487656251809484, 1.9137808129467437, 1.9561119585395463)
[INFO] [1744765882.913290604] [pure_pursuit_lookahead]: (7.486149043979627, 1.917485988321489, 1.9571376744938191)
[INFO] [1744765882.923488440] [pure_pursuit_lookahead]: (7.484638036485803, 1.921189615780293, 1.958163390448092)
