[0.886s] DEBUG:colcon:Command line arguments: ['/usr/bin/colcon', 'build']
[0.887s] DEBUG:colcon:Parsed command line arguments: Namespace(log_base=None, log_level=None, verb_name='build', build_base='build', install_base='install', merge_install=False, symlink_install=False, test_result_base=None, continue_on_error=False, executor='parallel', parallel_workers=24, event_handlers=None, ignore_user_meta=False, metas=['./colcon.meta'], base_paths=['.'], packages_ignore=None, packages_ignore_regex=None, paths=None, packages_up_to=None, packages_up_to_regex=None, packages_above=None, packages_above_and_dependencies=None, packages_above_depth=None, packages_select_by_dep=None, packages_skip_by_dep=None, packages_skip_up_to=None, packages_select_build_failed=False, packages_skip_build_finished=False, packages_select_test_failures=False, packages_skip_test_passed=False, packages_select=None, packages_skip=None, packages_select_regex=None, packages_skip_regex=None, packages_start=None, packages_end=None, allow_overriding=[], cmake_args=None, cmake_target=None, cmake_target_skip_unavailable=False, cmake_clean_cache=False, cmake_clean_first=False, cmake_force_configure=False, ament_cmake_args=None, catkin_cmake_args=None, catkin_skip_building_tests=False, verb_parser=<colcon_defaults.argument_parser.defaults.DefaultArgumentsDecorator object at 0x7817c894ca60>, verb_extension=<colcon_core.verb.build.BuildVerb object at 0x7817c8ac2470>, main=<bound method BuildVerb.main of <colcon_core.verb.build.BuildVerb object at 0x7817c8ac2470>>)
[1.166s] Level 1:colcon.colcon_core.package_discovery:discover_packages(colcon_meta) check parameters
[1.167s] Level 1:colcon.colcon_core.package_discovery:discover_packages(recursive) check parameters
[1.167s] Level 1:colcon.colcon_core.package_discovery:discover_packages(ignore) check parameters
[1.167s] Level 1:colcon.colcon_core.package_discovery:discover_packages(path) check parameters
[1.167s] Level 1:colcon.colcon_core.package_discovery:discover_packages(colcon_meta) discover
[1.167s] Level 1:colcon.colcon_core.package_discovery:discover_packages(recursive) discover
[1.167s] INFO:colcon.colcon_core.package_discovery:Crawling recursively for packages in '/home/ubuntu/complete_embedded_ws/embedded_ros_marvin'
[1.168s] Level 1:colcon.colcon_core.package_identification:_identify(.) by extensions ['ignore', 'ignore_ament_install']
[1.168s] Level 1:colcon.colcon_core.package_identification:_identify(.) by extension 'ignore'
[1.168s] Level 1:colcon.colcon_core.package_identification:_identify(.) by extension 'ignore_ament_install'
[1.168s] Level 1:colcon.colcon_core.package_identification:_identify(.) by extensions ['colcon_pkg']
[1.169s] Level 1:colcon.colcon_core.package_identification:_identify(.) by extension 'colcon_pkg'
[1.169s] Level 1:colcon.colcon_core.package_identification:_identify(.) by extensions ['colcon_meta']
[1.169s] Level 1:colcon.colcon_core.package_identification:_identify(.) by extension 'colcon_meta'
[1.169s] Level 1:colcon.colcon_core.package_identification:_identify(.) by extensions ['ros']
[1.169s] Level 1:colcon.colcon_core.package_identification:_identify(.) by extension 'ros'
[1.252s] DEBUG:colcon.colcon_core.package_identification:Package '.' with type 'ros.ament_python' and name 'embedded_ros_marvin'
[1.252s] Level 1:colcon.colcon_core.package_discovery:discover_packages(recursive) using defaults
[1.252s] Level 1:colcon.colcon_core.package_discovery:discover_packages(ignore) discover
[1.252s] Level 1:colcon.colcon_core.package_discovery:discover_packages(ignore) using defaults
[1.252s] Level 1:colcon.colcon_core.package_discovery:discover_packages(path) discover
[1.252s] Level 1:colcon.colcon_core.package_discovery:discover_packages(path) using defaults
[1.365s] Level 1:colcon.colcon_core.package_discovery:discover_packages(prefix_path) check parameters
[1.365s] Level 1:colcon.colcon_core.package_discovery:discover_packages(prefix_path) discover
[1.390s] DEBUG:colcon.colcon_installed_package_information.package_discovery:Found 1 installed packages in /home/ubuntu/Recovery_ws/install
[1.392s] DEBUG:colcon.colcon_installed_package_information.package_discovery:Found 1 installed packages in /home/ubuntu/githubclone/install
[1.393s] DEBUG:colcon.colcon_installed_package_information.package_discovery:Found 1 installed packages in /home/ubuntu/ros2_ws/install
[1.395s] DEBUG:colcon.colcon_installed_package_information.package_discovery:Found 298 installed packages in /opt/ros/humble
[1.399s] Level 1:colcon.colcon_core.package_discovery:discover_packages(prefix_path) using defaults
[1.485s] Level 5:colcon.colcon_core.verb:set package 'embedded_ros_marvin' build argument 'cmake_args' from command line to 'None'
[1.485s] Level 5:colcon.colcon_core.verb:set package 'embedded_ros_marvin' build argument 'cmake_target' from command line to 'None'
[1.485s] Level 5:colcon.colcon_core.verb:set package 'embedded_ros_marvin' build argument 'cmake_target_skip_unavailable' from command line to 'False'
[1.485s] Level 5:colcon.colcon_core.verb:set package 'embedded_ros_marvin' build argument 'cmake_clean_cache' from command line to 'False'
[1.485s] Level 5:colcon.colcon_core.verb:set package 'embedded_ros_marvin' build argument 'cmake_clean_first' from command line to 'False'
[1.486s] Level 5:colcon.colcon_core.verb:set package 'embedded_ros_marvin' build argument 'cmake_force_configure' from command line to 'False'
[1.486s] Level 5:colcon.colcon_core.verb:set package 'embedded_ros_marvin' build argument 'ament_cmake_args' from command line to 'None'
[1.486s] Level 5:colcon.colcon_core.verb:set package 'embedded_ros_marvin' build argument 'catkin_cmake_args' from command line to 'None'
[1.486s] Level 5:colcon.colcon_core.verb:set package 'embedded_ros_marvin' build argument 'catkin_skip_building_tests' from command line to 'False'
[1.486s] DEBUG:colcon.colcon_core.verb:Building package 'embedded_ros_marvin' with the following arguments: {'ament_cmake_args': None, 'build_base': '/home/ubuntu/complete_embedded_ws/embedded_ros_marvin/build/embedded_ros_marvin', 'catkin_cmake_args': None, 'catkin_skip_building_tests': False, 'cmake_args': None, 'cmake_clean_cache': False, 'cmake_clean_first': False, 'cmake_force_configure': False, 'cmake_target': None, 'cmake_target_skip_unavailable': False, 'install_base': '/home/ubuntu/complete_embedded_ws/embedded_ros_marvin/install/embedded_ros_marvin', 'merge_install': False, 'path': '/home/ubuntu/complete_embedded_ws/embedded_ros_marvin', 'symlink_install': False, 'test_result_base': None}
[1.486s] INFO:colcon.colcon_core.executor:Executing jobs using 'parallel' executor
[1.491s] DEBUG:colcon.colcon_parallel_executor.executor.parallel:run_until_complete
[1.492s] INFO:colcon.colcon_ros.task.ament_python.build:Building ROS package in '/home/ubuntu/complete_embedded_ws/embedded_ros_marvin' with build type 'ament_python'
[1.493s] Level 1:colcon.colcon_core.shell:create_environment_hook('embedded_ros_marvin', 'ament_prefix_path')
[1.552s] INFO:colcon.colcon_core.plugin_system:Skipping extension 'colcon_core.shell.bat': Not used on non-Windows systems
[1.554s] INFO:colcon.colcon_core.shell:Creating environment hook '/home/ubuntu/complete_embedded_ws/embedded_ros_marvin/install/embedded_ros_marvin/share/embedded_ros_marvin/hook/ament_prefix_path.ps1'
[1.559s] INFO:colcon.colcon_core.shell:Creating environment descriptor '/home/ubuntu/complete_embedded_ws/embedded_ros_marvin/install/embedded_ros_marvin/share/embedded_ros_marvin/hook/ament_prefix_path.dsv'
[1.565s] INFO:colcon.colcon_core.shell:Creating environment hook '/home/ubuntu/complete_embedded_ws/embedded_ros_marvin/install/embedded_ros_marvin/share/embedded_ros_marvin/hook/ament_prefix_path.sh'
[1.569s] INFO:colcon.colcon_core.shell:Skip shell extension 'powershell' for command environment: Not usable outside of PowerShell
[1.570s] DEBUG:colcon.colcon_core.shell:Skip shell extension 'dsv' for command environment
[2.314s] INFO:colcon.colcon_core.task.python.build:Building Python package in '/home/ubuntu/complete_embedded_ws/embedded_ros_marvin'
[2.315s] INFO:colcon.colcon_core.shell:Skip shell extension 'powershell' for command environment: Not usable outside of PowerShell
[2.316s] DEBUG:colcon.colcon_core.shell:Skip shell extension 'dsv' for command environment
[4.079s] DEBUG:colcon.colcon_core.event_handler.log_command:Invoking command in '/home/ubuntu/complete_embedded_ws/embedded_ros_marvin': PYTHONPATH=/home/ubuntu/complete_embedded_ws/embedded_ros_marvin/build/embedded_ros_marvin/prefix_override:/home/ubuntu/.local/lib/python3.10/site-packages/colcon_core/task/python/colcon_distutils_commands:/home/ubuntu/complete_embedded_ws/embedded_ros_marvin/install/embedded_ros_marvin/lib/python3.10/site-packages:${PYTHONPATH} /usr/bin/python3 -W ignore:setup.py install is deprecated -W ignore:easy_install command is deprecated setup.py egg_info --egg-base build/embedded_ros_marvin build --build-base /home/ubuntu/complete_embedded_ws/embedded_ros_marvin/build/embedded_ros_marvin/build install --record /home/ubuntu/complete_embedded_ws/embedded_ros_marvin/build/embedded_ros_marvin/install.log --single-version-externally-managed install_data
[5.361s] DEBUG:colcon.colcon_core.event_handler.log_command:Invoked command in '/home/ubuntu/complete_embedded_ws/embedded_ros_marvin' returned '0': PYTHONPATH=/home/ubuntu/complete_embedded_ws/embedded_ros_marvin/build/embedded_ros_marvin/prefix_override:/home/ubuntu/.local/lib/python3.10/site-packages/colcon_core/task/python/colcon_distutils_commands:/home/ubuntu/complete_embedded_ws/embedded_ros_marvin/install/embedded_ros_marvin/lib/python3.10/site-packages:${PYTHONPATH} /usr/bin/python3 -W ignore:setup.py install is deprecated -W ignore:easy_install command is deprecated setup.py egg_info --egg-base build/embedded_ros_marvin build --build-base /home/ubuntu/complete_embedded_ws/embedded_ros_marvin/build/embedded_ros_marvin/build install --record /home/ubuntu/complete_embedded_ws/embedded_ros_marvin/build/embedded_ros_marvin/install.log --single-version-externally-managed install_data
[5.377s] Level 1:colcon.colcon_core.environment:checking '/home/ubuntu/complete_embedded_ws/embedded_ros_marvin/install/embedded_ros_marvin' for CMake module files
[5.378s] Level 1:colcon.colcon_core.environment:checking '/home/ubuntu/complete_embedded_ws/embedded_ros_marvin/install/embedded_ros_marvin' for CMake config files
[5.380s] Level 1:colcon.colcon_core.environment:checking '/home/ubuntu/complete_embedded_ws/embedded_ros_marvin/install/embedded_ros_marvin/lib'
[5.380s] Level 1:colcon.colcon_core.environment:checking '/home/ubuntu/complete_embedded_ws/embedded_ros_marvin/install/embedded_ros_marvin/bin'
[5.380s] Level 1:colcon.colcon_core.environment:checking '/home/ubuntu/complete_embedded_ws/embedded_ros_marvin/install/embedded_ros_marvin/lib/pkgconfig/embedded_ros_marvin.pc'
[5.381s] Level 1:colcon.colcon_core.environment:checking '/home/ubuntu/complete_embedded_ws/embedded_ros_marvin/install/embedded_ros_marvin/lib/python3.10/site-packages'
[5.381s] Level 1:colcon.colcon_core.shell:create_environment_hook('embedded_ros_marvin', 'pythonpath')
[5.381s] INFO:colcon.colcon_core.shell:Creating environment hook '/home/ubuntu/complete_embedded_ws/embedded_ros_marvin/install/embedded_ros_marvin/share/embedded_ros_marvin/hook/pythonpath.ps1'
[5.382s] INFO:colcon.colcon_core.shell:Creating environment descriptor '/home/ubuntu/complete_embedded_ws/embedded_ros_marvin/install/embedded_ros_marvin/share/embedded_ros_marvin/hook/pythonpath.dsv'
[5.383s] INFO:colcon.colcon_core.shell:Creating environment hook '/home/ubuntu/complete_embedded_ws/embedded_ros_marvin/install/embedded_ros_marvin/share/embedded_ros_marvin/hook/pythonpath.sh'
[5.384s] Level 1:colcon.colcon_core.environment:checking '/home/ubuntu/complete_embedded_ws/embedded_ros_marvin/install/embedded_ros_marvin/bin'
[5.384s] Level 1:colcon.colcon_core.environment:create_environment_scripts_only(embedded_ros_marvin)
[5.385s] INFO:colcon.colcon_core.shell:Creating package script '/home/ubuntu/complete_embedded_ws/embedded_ros_marvin/install/embedded_ros_marvin/share/embedded_ros_marvin/package.ps1'
[5.387s] INFO:colcon.colcon_core.shell:Creating package descriptor '/home/ubuntu/complete_embedded_ws/embedded_ros_marvin/install/embedded_ros_marvin/share/embedded_ros_marvin/package.dsv'
[5.388s] INFO:colcon.colcon_core.shell:Creating package script '/home/ubuntu/complete_embedded_ws/embedded_ros_marvin/install/embedded_ros_marvin/share/embedded_ros_marvin/package.sh'
[5.390s] INFO:colcon.colcon_core.shell:Creating package script '/home/ubuntu/complete_embedded_ws/embedded_ros_marvin/install/embedded_ros_marvin/share/embedded_ros_marvin/package.bash'
[5.392s] INFO:colcon.colcon_core.shell:Creating package script '/home/ubuntu/complete_embedded_ws/embedded_ros_marvin/install/embedded_ros_marvin/share/embedded_ros_marvin/package.zsh'
[5.395s] Level 1:colcon.colcon_core.environment:create_file_with_runtime_dependencies(/home/ubuntu/complete_embedded_ws/embedded_ros_marvin/install/embedded_ros_marvin/share/colcon-core/packages/embedded_ros_marvin)
[5.395s] DEBUG:colcon.colcon_parallel_executor.executor.parallel:closing loop
[5.396s] DEBUG:colcon.colcon_parallel_executor.executor.parallel:loop closed
[5.396s] DEBUG:colcon.colcon_parallel_executor.executor.parallel:run_until_complete finished with '0'
[5.396s] DEBUG:colcon.colcon_core.event_reactor:joining thread
[5.427s] INFO:colcon.colcon_core.plugin_system:Skipping extension 'colcon_notification.desktop_notification.terminal_notifier': Not used on non-Darwin systems
[5.427s] INFO:colcon.colcon_core.plugin_system:Skipping extension 'colcon_notification.desktop_notification.win32': Not used on non-Windows systems
[5.428s] INFO:colcon.colcon_notification.desktop_notification:Sending desktop notification using 'notify2'
[5.821s] DEBUG:colcon.colcon_core.event_reactor:joined thread
[5.822s] INFO:colcon.colcon_core.shell:Creating prefix script '/home/ubuntu/complete_embedded_ws/embedded_ros_marvin/install/local_setup.ps1'
[5.858s] INFO:colcon.colcon_core.shell:Creating prefix util module '/home/ubuntu/complete_embedded_ws/embedded_ros_marvin/install/_local_setup_util_ps1.py'
[5.861s] INFO:colcon.colcon_core.shell:Creating prefix chain script '/home/ubuntu/complete_embedded_ws/embedded_ros_marvin/install/setup.ps1'
[5.863s] INFO:colcon.colcon_core.shell:Creating prefix script '/home/ubuntu/complete_embedded_ws/embedded_ros_marvin/install/local_setup.sh'
[5.865s] INFO:colcon.colcon_core.shell:Creating prefix util module '/home/ubuntu/complete_embedded_ws/embedded_ros_marvin/install/_local_setup_util_sh.py'
[5.866s] INFO:colcon.colcon_core.shell:Creating prefix chain script '/home/ubuntu/complete_embedded_ws/embedded_ros_marvin/install/setup.sh'
[5.868s] INFO:colcon.colcon_core.shell:Creating prefix script '/home/ubuntu/complete_embedded_ws/embedded_ros_marvin/install/local_setup.bash'
[5.869s] INFO:colcon.colcon_core.shell:Creating prefix chain script '/home/ubuntu/complete_embedded_ws/embedded_ros_marvin/install/setup.bash'
[5.871s] INFO:colcon.colcon_core.shell:Creating prefix script '/home/ubuntu/complete_embedded_ws/embedded_ros_marvin/install/local_setup.zsh'
[5.872s] INFO:colcon.colcon_core.shell:Creating prefix chain script '/home/ubuntu/complete_embedded_ws/embedded_ros_marvin/install/setup.zsh'
